{"C:\\Users\\C87118B\\OneDrive - EXPERIAN SERVICES CORP\\Documents\\Automation\\TSB\\playwright.config.ts":{"path":"C:\\Users\\C87118B\\OneDrive - EXPERIAN SERVICES CORP\\Documents\\Automation\\TSB\\playwright.config.ts","statementMap":{"0":{"start":{"line":3,"column":0},"end":{"line":5,"column":3}},"1":{"start":{"line":6,"column":0},"end":{"line":6,"column":25}},"2":{"start":{"line":10,"column":15},"end":{"line":20,"column":1}},"3":{"start":{"line":21,"column":15},"end":{"line":21,"column":21}},"4":{"start":{"line":62,"column":0},"end":{"line":62,"column":27}}},"fnMap":{},"branchMap":{},"s":{"0":1,"1":1,"2":1,"3":1,"4":1},"f":{},"b":{},"inputSourceMap":{"version":3,"names":["config","testDir","workers","timeout","reporter","use","headless","globalSetup","_default","exports","default"],"sources":["playwright.config.ts"],"sourcesContent":["// @ts-check\r\n//import  devices  from \"@playwright/test\";\r\n\r\nimport { PlaywrightTestConfig } from \"@playwright/test\";\r\n\r\nconst config: PlaywrightTestConfig = {\r\n  testDir: './tests',\r\n  workers: 1,\r\n  //testMatch: [\"tests/sample.spec.ts\"],\r\n  timeout: 300000,\r\n  reporter: \"html\",\r\n  use: {\r\n    headless: false,\r\n  },\r\n  globalSetup: \"utils/globalSetup.ts\"\r\n};\r\n\r\nexport default config;\r\n\r\n// const config = {\r\n//   testDir: './tests',\r\n//   workers: 6,\r\n//   /* Maximum time one test can run for. */\r\n//   timeout: 80 * 1000,\r\n//   expect: {\r\n//     timeout: 8000\r\n//   },\r\n//   //globalSetup:\"utils/globalSetup.ts\",\r\n//   reporter: 'html',\r\n//   use: {\r\n//     //baseURL: process.env.URL,\r\n//       // baseURL: 'https://tsb-m-web-elb.dev.hdinternal.co.uk/',\r\n//     browserName : 'chromium',\r\n//     headless : false,\r\n//   },\r\n\r\n  // projects : [\r\n  //   {\r\n  //     name : 'safari',\r\n  //     use: {\r\n  //       browserName : 'webkit',\r\n  //       headless : true,\r\n  //       screenshot : 'off',\r\n  //       trace : 'off',//off,on \r\n  //       video: 'retain-on-failure',\r\n  //        //...devices['iPhone 11'],    \r\n  //     }\r\n  //   },\r\n  //   {\r\n  //     name : 'chrome',\r\n  //     use: {\r\n  //       browserName : 'chromium',\r\n  //       headless : false,\r\n  //       screenshot : 'off',\r\n  //      // video: 'retain-on-failure',\r\n  //       //ignoreHttpsErrors:true,\r\n  //       trace : 'off',//off,on\r\n  //     }\r\n  //   }\r\n  // ]\r\n\r\n      \r\n//module.exports = config;\r\n"],"mappings":";;;;;;AAAA;AACA;;AAIA,MAAMA,MAA4B,GAAG;EACnCC,OAAO,EAAE,SAAS;EAClBC,OAAO,EAAE,CAAC;EACV;EACAC,OAAO,EAAE,MAAM;EACfC,QAAQ,EAAE,MAAM;EAChBC,GAAG,EAAE;IACHC,QAAQ,EAAE;EACZ,CAAC;EACDC,WAAW,EAAE;AACf,CAAC;AAAC,IAAAC,QAAA,GAEaR,MAAM,EAErB;AACA;AACA;AACA;AACA;AACA;AACA;AACA;AACA;AACA;AACA;AACA;AACA;AACA;AACA;AACA;AAEE;AACA;AACA;AACA;AACA;AACA;AACA;AACA;AACA;AACA;AACA;AACA;AACA;AACA;AACA;AACA;AACA;AACA;AACA;AACA;AACA;AACA;AACA;AACA;AAGF;AAAAS,OAAA,CAAAC,OAAA,GAAAF,QAAA"},"_coverageSchema":"1a1c01bbd47fc00a2c39e90264f33305004495a9","hash":"c17f073bef0b330617c3e3a7dbb83287fbb31872","contentHash":"e648dd3f16a52118100922f20c77ca1026af82af8259918f8c7f85bb0cad89b6"},"C:\\Users\\C87118B\\OneDrive - EXPERIAN SERVICES CORP\\Documents\\Automation\\TSB\\utils\\globalSetup.ts":{"path":"C:\\Users\\C87118B\\OneDrive - EXPERIAN SERVICES CORP\\Documents\\Automation\\TSB\\utils\\globalSetup.ts","statementMap":{"0":{"start":{"line":3,"column":0},"end":{"line":5,"column":3}},"1":{"start":{"line":6,"column":0},"end":{"line":6,"column":25}},"2":{"start":{"line":7,"column":14},"end":{"line":7,"column":55}},"3":{"start":{"line":8,"column":39},"end":{"line":8,"column":93}},"4":{"start":{"line":12,"column":2},"end":{"line":17,"column":3}},"5":{"start":{"line":13,"column":4},"end":{"line":16,"column":7}},"6":{"start":{"line":19,"column":15},"end":{"line":19,"column":26}},"7":{"start":{"line":20,"column":0},"end":{"line":20,"column":27}}},"fnMap":{"0":{"name":"_interopRequireDefault","decl":{"start":{"line":8,"column":9},"end":{"line":8,"column":31}},"loc":{"start":{"line":8,"column":37},"end":{"line":8,"column":95}},"line":8},"1":{"name":"globalSetup","decl":{"start":{"line":11,"column":15},"end":{"line":11,"column":26}},"loc":{"start":{"line":11,"column":35},"end":{"line":18,"column":1}},"line":11}},"branchMap":{"0":{"loc":{"start":{"line":8,"column":46},"end":{"line":8,"column":92}},"type":"cond-expr","locations":[{"start":{"line":8,"column":70},"end":{"line":8,"column":73}},{"start":{"line":8,"column":76},"end":{"line":8,"column":92}}],"line":8},"1":{"loc":{"start":{"line":8,"column":46},"end":{"line":8,"column":67}},"type":"binary-expr","locations":[{"start":{"line":8,"column":46},"end":{"line":8,"column":49}},{"start":{"line":8,"column":53},"end":{"line":8,"column":67}}],"line":8},"2":{"loc":{"start":{"line":12,"column":2},"end":{"line":17,"column":3}},"type":"if","locations":[{"start":{"line":12,"column":2},"end":{"line":17,"column":3}},{"start":{"line":12,"column":2},"end":{"line":17,"column":3}}],"line":12}},"s":{"0":1,"1":1,"2":1,"3":1,"4":1,"5":0,"6":1,"7":1},"f":{"0":1,"1":1},"b":{"0":[0,1],"1":[1,1],"2":[0,1]},"inputSourceMap":{"version":3,"names":["_dotenv","_interopRequireDefault","require","obj","__esModule","default","globalSetup","config","process","env","test_env","dotenv","path","override","_default","exports"],"sources":["globalSetup.ts"],"sourcesContent":["import { FullConfig } from \"@playwright/test\";\r\n\r\nimport dotenv from \"dotenv\";\r\n//import * as dotenv from \"dotenv\";\r\n\r\nasync function globalSetup(config: FullConfig) {\r\n     if(process.env.test_env) {\r\n         dotenv.config({\r\n             path: `.env.${process.env.test_env}`,\r\n             override: true\r\n        })\r\n    }\r\n}\r\n\r\nexport default globalSetup;\r\n\r\n"],"mappings":";;;;;;AAEA,IAAAA,OAAA,GAAAC,sBAAA,CAAAC,OAAA;AAA4B,SAAAD,uBAAAE,GAAA,WAAAA,GAAA,IAAAA,GAAA,CAAAC,UAAA,GAAAD,GAAA,KAAAE,OAAA,EAAAF,GAAA;AAC5B;;AAEA,eAAeG,WAAWA,CAACC,MAAkB,EAAE;EAC1C,IAAGC,OAAO,CAACC,GAAG,CAACC,QAAQ,EAAE;IACrBC,eAAM,CAACJ,MAAM,CAAC;MACVK,IAAI,EAAG,QAAOJ,OAAO,CAACC,GAAG,CAACC,QAAS,EAAC;MACpCG,QAAQ,EAAE;IACf,CAAC,CAAC;EACN;AACJ;AAAC,IAAAC,QAAA,GAEcR,WAAW;AAAAS,OAAA,CAAAV,OAAA,GAAAS,QAAA"},"_coverageSchema":"1a1c01bbd47fc00a2c39e90264f33305004495a9","hash":"7b2c14efa0840dd395c33dd0187d4f69d630cbcf","contentHash":"82e0955fbd5d395a5cf33e2f09221b110d4470a1388868bd05c862be6826e261"},"C:\\Users\\C87118B\\OneDrive - EXPERIAN SERVICES CORP\\Documents\\Automation\\TSB\\utils\\env.ts":{"path":"C:\\Users\\C87118B\\OneDrive - EXPERIAN SERVICES CORP\\Documents\\Automation\\TSB\\utils\\env.ts","statementMap":{"0":{"start":{"line":3,"column":0},"end":{"line":5,"column":3}},"1":{"start":{"line":6,"column":0},"end":{"line":6,"column":25}},"2":{"start":{"line":8,"column":0},"end":{"line":8,"column":22}},"3":{"start":{"line":9,"column":0},"end":{"line":9,"column":36}}},"fnMap":{},"branchMap":{},"s":{"0":1,"1":1,"2":1,"3":1},"f":{},"b":{},"inputSourceMap":{"version":3,"names":["ENV","exports","default","BASE_URL","process","env"],"sources":["env.ts"],"sourcesContent":["export default class ENV{\r\n    public static BASE_URL = process.env.BASE_URL\r\n}"],"mappings":";;;;;;AAAe,MAAMA,GAAG;AAEvBC,OAAA,CAAAC,OAAA,GAAAF,GAAA;AAFoBA,GAAG,CACNG,QAAQ,GAAGC,OAAO,CAACC,GAAG,CAACF,QAAQ"},"_coverageSchema":"1a1c01bbd47fc00a2c39e90264f33305004495a9","hash":"6d5c88c4fa1076d720efcebee0bd9a828696a2ab","contentHash":"cab3789e697e833d062603f39c49ec69676d011fb0fe2461a66eadbd8a34c7d4"},"C:\\Users\\C87118B\\OneDrive - EXPERIAN SERVICES CORP\\Documents\\Automation\\TSB\\Fixtures\\test-base.ts":{"path":"C:\\Users\\C87118B\\OneDrive - EXPERIAN SERVICES CORP\\Documents\\Automation\\TSB\\Fixtures\\test-base.ts","statementMap":{"0":{"start":{"line":3,"column":0},"end":{"line":5,"column":3}},"1":{"start":{"line":6,"column":0},"end":{"line":6,"column":42}},"2":{"start":{"line":7,"column":12},"end":{"line":7,"column":39}},"3":{"start":{"line":8,"column":23},"end":{"line":8,"column":88}},"4":{"start":{"line":9,"column":29},"end":{"line":9,"column":100}},"5":{"start":{"line":10,"column":23},"end":{"line":10,"column":88}},"6":{"start":{"line":11,"column":22},"end":{"line":11,"column":86}},"7":{"start":{"line":12,"column":23},"end":{"line":12,"column":88}},"8":{"start":{"line":13,"column":21},"end":{"line":13,"column":84}},"9":{"start":{"line":14,"column":39},"end":{"line":14,"column":93}},"10":{"start":{"line":15,"column":13},"end":{"line":46,"column":2}},"11":{"start":{"line":19,"column":4},"end":{"line":19,"column":50}},"12":{"start":{"line":24,"column":4},"end":{"line":24,"column":56}},"13":{"start":{"line":29,"column":4},"end":{"line":29,"column":50}},"14":{"start":{"line":34,"column":4},"end":{"line":34,"column":49}},"15":{"start":{"line":39,"column":4},"end":{"line":39,"column":50}},"16":{"start":{"line":44,"column":4},"end":{"line":44,"column":48}},"17":{"start":{"line":47,"column":15},"end":{"line":47,"column":19}},"18":{"start":{"line":48,"column":0},"end":{"line":48,"column":27}},"19":{"start":{"line":49,"column":15},"end":{"line":49,"column":26}},"20":{"start":{"line":50,"column":0},"end":{"line":50,"column":24}}},"fnMap":{"0":{"name":"_interopRequireDefault","decl":{"start":{"line":14,"column":9},"end":{"line":14,"column":31}},"loc":{"start":{"line":14,"column":37},"end":{"line":14,"column":95}},"line":14},"1":{"name":"(anonymous_1)","decl":{"start":{"line":16,"column":23},"end":{"line":16,"column":24}},"loc":{"start":{"line":18,"column":13},"end":{"line":20,"column":3}},"line":18},"2":{"name":"(anonymous_2)","decl":{"start":{"line":21,"column":28},"end":{"line":21,"column":29}},"loc":{"start":{"line":23,"column":13},"end":{"line":25,"column":3}},"line":23},"3":{"name":"(anonymous_3)","decl":{"start":{"line":26,"column":28},"end":{"line":26,"column":29}},"loc":{"start":{"line":28,"column":13},"end":{"line":30,"column":3}},"line":28},"4":{"name":"(anonymous_4)","decl":{"start":{"line":31,"column":27},"end":{"line":31,"column":28}},"loc":{"start":{"line":33,"column":13},"end":{"line":35,"column":3}},"line":33},"5":{"name":"(anonymous_5)","decl":{"start":{"line":36,"column":28},"end":{"line":36,"column":29}},"loc":{"start":{"line":38,"column":13},"end":{"line":40,"column":3}},"line":38},"6":{"name":"(anonymous_6)","decl":{"start":{"line":41,"column":26},"end":{"line":41,"column":27}},"loc":{"start":{"line":43,"column":13},"end":{"line":45,"column":3}},"line":43}},"branchMap":{"0":{"loc":{"start":{"line":14,"column":46},"end":{"line":14,"column":92}},"type":"cond-expr","locations":[{"start":{"line":14,"column":70},"end":{"line":14,"column":73}},{"start":{"line":14,"column":76},"end":{"line":14,"column":92}}],"line":14},"1":{"loc":{"start":{"line":14,"column":46},"end":{"line":14,"column":67}},"type":"binary-expr","locations":[{"start":{"line":14,"column":46},"end":{"line":14,"column":49}},{"start":{"line":14,"column":53},"end":{"line":14,"column":67}}],"line":14}},"s":{"0":1,"1":1,"2":1,"3":1,"4":1,"5":1,"6":1,"7":1,"8":1,"9":6,"10":1,"11":0,"12":0,"13":0,"14":0,"15":0,"16":0,"17":1,"18":1,"19":1,"20":1},"f":{"0":6,"1":0,"2":0,"3":0,"4":0,"5":0,"6":0},"b":{"0":[6,0],"1":[6,6]},"inputSourceMap":{"version":3,"names":["_test","require","_eligibilityPage","_interopRequireDefault","_eligibilityValidation","_personalDetails","_addressDetails","_propertyDetails","_incomeDetails","obj","__esModule","default","test","baseTest","extend","eligibilityCriteria","page","use","EligibilityPage","eligibilityValidationMsg","EligibilityValidation","applicantPersonalDetails","PersonalDetails","applicantAddressDetails","AddressDetails","applicantPropertyDetails","PropertyDetails","applicantIncomeDetails","IncomeDetails","_default","exports","expect"],"sources":["test-base.ts"],"sourcesContent":["import {test as baseTest} from \"@playwright/test\";\r\nimport EligibilityPage from \"../pageobjects/eligibilityPage\";\r\nimport EligibilityValidation from \"../pageobjects/eligibilityValidation\";\r\nimport PersonalDetails from \"../pageobjects/personalDetails\";\r\nimport AddressDetails from \"../pageobjects/addressDetails\";\r\nimport PropertyDetails from \"../pageobjects/propertyDetails\";\r\nimport IncomeDetails from \"../pageobjects/incomeDetails\";\r\n\r\nconst test = baseTest.extend<{\r\n    eligibilityCriteria:EligibilityPage;\r\n    eligibilityValidationMsg: EligibilityValidation;\r\n    applicantPersonalDetails: PersonalDetails;\r\n    applicantAddressDetails: AddressDetails;\r\n    applicantPropertyDetails: PropertyDetails;\r\n    applicantIncomeDetails: IncomeDetails;\r\n}>({\r\n    eligibilityCriteria: async({page},use)=>{\r\n        await use(new EligibilityPage(page));\r\n    },\r\n    eligibilityValidationMsg: async({page},use)=>{\r\n        await use(new EligibilityValidation(page));\r\n    },\r\n    applicantPersonalDetails: async({page},use)=>{\r\n        await use(new PersonalDetails(page));\r\n    },\r\n    applicantAddressDetails: async({page},use)=>{\r\n        await use(new AddressDetails(page));\r\n    },\r\n    applicantPropertyDetails: async({page},use)=>{\r\n        await use(new PropertyDetails(page));\r\n    },\r\n    applicantIncomeDetails: async({page},use)=>{\r\n        await use(new IncomeDetails(page));\r\n    }\r\n})\r\nexport default test;\r\nexport const expect = test.expect;\r\n\r\n\r\n"],"mappings":";;;;;;AAAA,IAAAA,KAAA,GAAAC,OAAA;AACA,IAAAC,gBAAA,GAAAC,sBAAA,CAAAF,OAAA;AACA,IAAAG,sBAAA,GAAAD,sBAAA,CAAAF,OAAA;AACA,IAAAI,gBAAA,GAAAF,sBAAA,CAAAF,OAAA;AACA,IAAAK,eAAA,GAAAH,sBAAA,CAAAF,OAAA;AACA,IAAAM,gBAAA,GAAAJ,sBAAA,CAAAF,OAAA;AACA,IAAAO,cAAA,GAAAL,sBAAA,CAAAF,OAAA;AAAyD,SAAAE,uBAAAM,GAAA,WAAAA,GAAA,IAAAA,GAAA,CAAAC,UAAA,GAAAD,GAAA,KAAAE,OAAA,EAAAF,GAAA;AAEzD,MAAMG,IAAI,GAAGC,UAAQ,CAACC,MAAM,CAOzB;EACCC,mBAAmB,EAAE,MAAAA,CAAM;IAACC;EAAI,CAAC,EAACC,GAAG,KAAG;IACpC,MAAMA,GAAG,CAAC,IAAIC,wBAAe,CAACF,IAAI,CAAC,CAAC;EACxC,CAAC;EACDG,wBAAwB,EAAE,MAAAA,CAAM;IAACH;EAAI,CAAC,EAACC,GAAG,KAAG;IACzC,MAAMA,GAAG,CAAC,IAAIG,8BAAqB,CAACJ,IAAI,CAAC,CAAC;EAC9C,CAAC;EACDK,wBAAwB,EAAE,MAAAA,CAAM;IAACL;EAAI,CAAC,EAACC,GAAG,KAAG;IACzC,MAAMA,GAAG,CAAC,IAAIK,wBAAe,CAACN,IAAI,CAAC,CAAC;EACxC,CAAC;EACDO,uBAAuB,EAAE,MAAAA,CAAM;IAACP;EAAI,CAAC,EAACC,GAAG,KAAG;IACxC,MAAMA,GAAG,CAAC,IAAIO,uBAAc,CAACR,IAAI,CAAC,CAAC;EACvC,CAAC;EACDS,wBAAwB,EAAE,MAAAA,CAAM;IAACT;EAAI,CAAC,EAACC,GAAG,KAAG;IACzC,MAAMA,GAAG,CAAC,IAAIS,wBAAe,CAACV,IAAI,CAAC,CAAC;EACxC,CAAC;EACDW,sBAAsB,EAAE,MAAAA,CAAM;IAACX;EAAI,CAAC,EAACC,GAAG,KAAG;IACvC,MAAMA,GAAG,CAAC,IAAIW,sBAAa,CAACZ,IAAI,CAAC,CAAC;EACtC;AACJ,CAAC,CAAC;AAAA,IAAAa,QAAA,GACajB,IAAI;AAAAkB,OAAA,CAAAnB,OAAA,GAAAkB,QAAA;AACZ,MAAME,MAAM,GAAGnB,IAAI,CAACmB,MAAM;AAACD,OAAA,CAAAC,MAAA,GAAAA,MAAA"},"_coverageSchema":"1a1c01bbd47fc00a2c39e90264f33305004495a9","hash":"51fd40446786c6757614ac32799ebd141f14fc85","contentHash":"3e2e5343e22eca6f5432270d3c7c08477dae7f7235b923d0b1c4a6710c289f81"},"C:\\Users\\C87118B\\OneDrive - EXPERIAN SERVICES CORP\\Documents\\Automation\\TSB\\pageobjects\\eligibilityPage.ts":{"path":"C:\\Users\\C87118B\\OneDrive - EXPERIAN SERVICES CORP\\Documents\\Automation\\TSB\\pageobjects\\eligibilityPage.ts","statementMap":{"0":{"start":{"line":3,"column":0},"end":{"line":5,"column":3}},"1":{"start":{"line":6,"column":0},"end":{"line":6,"column":25}},"2":{"start":{"line":11,"column":4},"end":{"line":11,"column":21}},"3":{"start":{"line":15,"column":4},"end":{"line":15,"column":37}},"4":{"start":{"line":18,"column":4},"end":{"line":18,"column":52}},"5":{"start":{"line":21,"column":4},"end":{"line":21,"column":87}},"6":{"start":{"line":24,"column":4},"end":{"line":24,"column":38}},"7":{"start":{"line":27,"column":4},"end":{"line":27,"column":40}},"8":{"start":{"line":28,"column":4},"end":{"line":28,"column":40}},"9":{"start":{"line":31,"column":4},"end":{"line":31,"column":38}},"10":{"start":{"line":34,"column":4},"end":{"line":34,"column":40}},"11":{"start":{"line":35,"column":4},"end":{"line":35,"column":34}},"12":{"start":{"line":38,"column":4},"end":{"line":38,"column":38}},"13":{"start":{"line":41,"column":4},"end":{"line":41,"column":40}},"14":{"start":{"line":42,"column":4},"end":{"line":42,"column":26}},"15":{"start":{"line":45,"column":4},"end":{"line":45,"column":38}},"16":{"start":{"line":48,"column":4},"end":{"line":48,"column":40}},"17":{"start":{"line":49,"column":4},"end":{"line":49,"column":38}},"18":{"start":{"line":52,"column":4},"end":{"line":52,"column":38}},"19":{"start":{"line":55,"column":4},"end":{"line":55,"column":40}},"20":{"start":{"line":56,"column":4},"end":{"line":56,"column":35}},"21":{"start":{"line":59,"column":4},"end":{"line":59,"column":78}},"22":{"start":{"line":62,"column":4},"end":{"line":62,"column":56}},"23":{"start":{"line":65,"column":4},"end":{"line":65,"column":57}},"24":{"start":{"line":68,"column":4},"end":{"line":68,"column":56}},"25":{"start":{"line":71,"column":4},"end":{"line":71,"column":62}},"26":{"start":{"line":74,"column":4},"end":{"line":74,"column":63}},"27":{"start":{"line":77,"column":4},"end":{"line":77,"column":67}},"28":{"start":{"line":80,"column":4},"end":{"line":80,"column":66}},"29":{"start":{"line":83,"column":4},"end":{"line":83,"column":59}},"30":{"start":{"line":86,"column":4},"end":{"line":86,"column":60}},"31":{"start":{"line":89,"column":4},"end":{"line":89,"column":60}},"32":{"start":{"line":92,"column":4},"end":{"line":92,"column":61}},"33":{"start":{"line":95,"column":4},"end":{"line":95,"column":56}},"34":{"start":{"line":98,"column":4},"end":{"line":98,"column":57}},"35":{"start":{"line":101,"column":4},"end":{"line":101,"column":63}},"36":{"start":{"line":104,"column":4},"end":{"line":104,"column":64}},"37":{"start":{"line":107,"column":4},"end":{"line":107,"column":60}},"38":{"start":{"line":110,"column":4},"end":{"line":110,"column":61}},"39":{"start":{"line":113,"column":4},"end":{"line":113,"column":51}},"40":{"start":{"line":116,"column":4},"end":{"line":116,"column":64}},"41":{"start":{"line":119,"column":4},"end":{"line":119,"column":53}},"42":{"start":{"line":122,"column":4},"end":{"line":122,"column":57}},"43":{"start":{"line":125,"column":4},"end":{"line":125,"column":58}},"44":{"start":{"line":128,"column":4},"end":{"line":128,"column":36}},"45":{"start":{"line":129,"column":4},"end":{"line":129,"column":32}},"46":{"start":{"line":130,"column":4},"end":{"line":130,"column":37}},"47":{"start":{"line":131,"column":4},"end":{"line":131,"column":45}},"48":{"start":{"line":132,"column":4},"end":{"line":132,"column":35}},"49":{"start":{"line":133,"column":4},"end":{"line":133,"column":36}},"50":{"start":{"line":134,"column":4},"end":{"line":134,"column":43}},"51":{"start":{"line":135,"column":4},"end":{"line":135,"column":45}},"52":{"start":{"line":136,"column":4},"end":{"line":136,"column":46}},"53":{"start":{"line":137,"column":4},"end":{"line":137,"column":42}},"54":{"start":{"line":138,"column":4},"end":{"line":138,"column":42}},"55":{"start":{"line":139,"column":4},"end":{"line":139,"column":45}},"56":{"start":{"line":140,"column":4},"end":{"line":140,"column":37}},"57":{"start":{"line":141,"column":4},"end":{"line":141,"column":41}},"58":{"start":{"line":142,"column":4},"end":{"line":142,"column":37}},"59":{"start":{"line":145,"column":0},"end":{"line":145,"column":34}}},"fnMap":{"0":{"name":"(anonymous_0)","decl":{"start":{"line":10,"column":2},"end":{"line":10,"column":3}},"loc":{"start":{"line":10,"column":20},"end":{"line":12,"column":3}},"line":10},"1":{"name":"(anonymous_1)","decl":{"start":{"line":13,"column":2},"end":{"line":13,"column":3}},"loc":{"start":{"line":13,"column":40},"end":{"line":16,"column":3}},"line":13},"2":{"name":"(anonymous_2)","decl":{"start":{"line":17,"column":2},"end":{"line":17,"column":3}},"loc":{"start":{"line":17,"column":29},"end":{"line":19,"column":3}},"line":17},"3":{"name":"(anonymous_3)","decl":{"start":{"line":20,"column":2},"end":{"line":20,"column":3}},"loc":{"start":{"line":20,"column":33},"end":{"line":22,"column":3}},"line":20},"4":{"name":"(anonymous_4)","decl":{"start":{"line":23,"column":2},"end":{"line":23,"column":3}},"loc":{"start":{"line":23,"column":33},"end":{"line":25,"column":3}},"line":23},"5":{"name":"(anonymous_5)","decl":{"start":{"line":26,"column":2},"end":{"line":26,"column":3}},"loc":{"start":{"line":26,"column":30},"end":{"line":29,"column":3}},"line":26},"6":{"name":"(anonymous_6)","decl":{"start":{"line":30,"column":2},"end":{"line":30,"column":3}},"loc":{"start":{"line":30,"column":27},"end":{"line":32,"column":3}},"line":30},"7":{"name":"(anonymous_7)","decl":{"start":{"line":33,"column":2},"end":{"line":33,"column":3}},"loc":{"start":{"line":33,"column":33},"end":{"line":36,"column":3}},"line":33},"8":{"name":"(anonymous_8)","decl":{"start":{"line":37,"column":2},"end":{"line":37,"column":3}},"loc":{"start":{"line":37,"column":19},"end":{"line":39,"column":3}},"line":37},"9":{"name":"(anonymous_9)","decl":{"start":{"line":40,"column":2},"end":{"line":40,"column":3}},"loc":{"start":{"line":40,"column":25},"end":{"line":43,"column":3}},"line":40},"10":{"name":"(anonymous_10)","decl":{"start":{"line":44,"column":2},"end":{"line":44,"column":3}},"loc":{"start":{"line":44,"column":31},"end":{"line":46,"column":3}},"line":44},"11":{"name":"(anonymous_11)","decl":{"start":{"line":47,"column":2},"end":{"line":47,"column":3}},"loc":{"start":{"line":47,"column":30},"end":{"line":50,"column":3}},"line":47},"12":{"name":"(anonymous_12)","decl":{"start":{"line":51,"column":2},"end":{"line":51,"column":3}},"loc":{"start":{"line":51,"column":28},"end":{"line":53,"column":3}},"line":51},"13":{"name":"(anonymous_13)","decl":{"start":{"line":54,"column":2},"end":{"line":54,"column":3}},"loc":{"start":{"line":54,"column":39},"end":{"line":57,"column":3}},"line":54},"14":{"name":"(anonymous_14)","decl":{"start":{"line":58,"column":2},"end":{"line":58,"column":3}},"loc":{"start":{"line":58,"column":30},"end":{"line":60,"column":3}},"line":58},"15":{"name":"(anonymous_15)","decl":{"start":{"line":61,"column":2},"end":{"line":61,"column":3}},"loc":{"start":{"line":61,"column":31},"end":{"line":63,"column":3}},"line":61},"16":{"name":"(anonymous_16)","decl":{"start":{"line":64,"column":2},"end":{"line":64,"column":3}},"loc":{"start":{"line":64,"column":29},"end":{"line":66,"column":3}},"line":64},"17":{"name":"(anonymous_17)","decl":{"start":{"line":67,"column":2},"end":{"line":67,"column":3}},"loc":{"start":{"line":67,"column":28},"end":{"line":69,"column":3}},"line":67},"18":{"name":"(anonymous_18)","decl":{"start":{"line":70,"column":2},"end":{"line":70,"column":3}},"loc":{"start":{"line":70,"column":29},"end":{"line":72,"column":3}},"line":70},"19":{"name":"(anonymous_19)","decl":{"start":{"line":73,"column":2},"end":{"line":73,"column":3}},"loc":{"start":{"line":73,"column":32},"end":{"line":75,"column":3}},"line":73},"20":{"name":"(anonymous_20)","decl":{"start":{"line":76,"column":2},"end":{"line":76,"column":3}},"loc":{"start":{"line":76,"column":39},"end":{"line":78,"column":3}},"line":76},"21":{"name":"(anonymous_21)","decl":{"start":{"line":79,"column":2},"end":{"line":79,"column":3}},"loc":{"start":{"line":79,"column":36},"end":{"line":81,"column":3}},"line":79},"22":{"name":"(anonymous_22)","decl":{"start":{"line":82,"column":2},"end":{"line":82,"column":3}},"loc":{"start":{"line":82,"column":38},"end":{"line":84,"column":3}},"line":82},"23":{"name":"(anonymous_23)","decl":{"start":{"line":85,"column":2},"end":{"line":85,"column":3}},"loc":{"start":{"line":85,"column":40},"end":{"line":87,"column":3}},"line":85},"24":{"name":"(anonymous_24)","decl":{"start":{"line":88,"column":2},"end":{"line":88,"column":3}},"loc":{"start":{"line":88,"column":36},"end":{"line":90,"column":3}},"line":88},"25":{"name":"(anonymous_25)","decl":{"start":{"line":91,"column":2},"end":{"line":91,"column":3}},"loc":{"start":{"line":91,"column":39},"end":{"line":93,"column":3}},"line":91},"26":{"name":"(anonymous_26)","decl":{"start":{"line":94,"column":2},"end":{"line":94,"column":3}},"loc":{"start":{"line":94,"column":33},"end":{"line":96,"column":3}},"line":94},"27":{"name":"(anonymous_27)","decl":{"start":{"line":97,"column":2},"end":{"line":97,"column":3}},"loc":{"start":{"line":97,"column":35},"end":{"line":99,"column":3}},"line":97},"28":{"name":"(anonymous_28)","decl":{"start":{"line":100,"column":2},"end":{"line":100,"column":3}},"loc":{"start":{"line":100,"column":34},"end":{"line":102,"column":3}},"line":100},"29":{"name":"(anonymous_29)","decl":{"start":{"line":103,"column":2},"end":{"line":103,"column":3}},"loc":{"start":{"line":103,"column":35},"end":{"line":105,"column":3}},"line":103},"30":{"name":"(anonymous_30)","decl":{"start":{"line":106,"column":2},"end":{"line":106,"column":3}},"loc":{"start":{"line":106,"column":35},"end":{"line":108,"column":3}},"line":106},"31":{"name":"(anonymous_31)","decl":{"start":{"line":109,"column":2},"end":{"line":109,"column":3}},"loc":{"start":{"line":109,"column":38},"end":{"line":111,"column":3}},"line":109},"32":{"name":"(anonymous_32)","decl":{"start":{"line":112,"column":2},"end":{"line":112,"column":3}},"loc":{"start":{"line":112,"column":30},"end":{"line":114,"column":3}},"line":112},"33":{"name":"(anonymous_33)","decl":{"start":{"line":115,"column":2},"end":{"line":115,"column":3}},"loc":{"start":{"line":115,"column":25},"end":{"line":117,"column":3}},"line":115},"34":{"name":"(anonymous_34)","decl":{"start":{"line":118,"column":2},"end":{"line":118,"column":3}},"loc":{"start":{"line":118,"column":34},"end":{"line":120,"column":3}},"line":118},"35":{"name":"(anonymous_35)","decl":{"start":{"line":121,"column":2},"end":{"line":121,"column":3}},"loc":{"start":{"line":121,"column":38},"end":{"line":123,"column":3}},"line":121},"36":{"name":"(anonymous_36)","decl":{"start":{"line":124,"column":2},"end":{"line":124,"column":3}},"loc":{"start":{"line":124,"column":40},"end":{"line":126,"column":3}},"line":124},"37":{"name":"(anonymous_37)","decl":{"start":{"line":127,"column":2},"end":{"line":127,"column":3}},"loc":{"start":{"line":127,"column":44},"end":{"line":143,"column":3}},"line":127}},"branchMap":{},"s":{"0":1,"1":1,"2":0,"3":0,"4":0,"5":0,"6":0,"7":0,"8":0,"9":0,"10":0,"11":0,"12":0,"13":0,"14":0,"15":0,"16":0,"17":0,"18":0,"19":0,"20":0,"21":0,"22":0,"23":0,"24":0,"25":0,"26":0,"27":0,"28":0,"29":0,"30":0,"31":0,"32":0,"33":0,"34":0,"35":0,"36":0,"37":0,"38":0,"39":0,"40":0,"41":0,"42":0,"43":0,"44":0,"45":0,"46":0,"47":0,"48":0,"49":0,"50":0,"51":0,"52":0,"53":0,"54":0,"55":0,"56":0,"57":0,"58":0,"59":1},"f":{"0":0,"1":0,"2":0,"3":0,"4":0,"5":0,"6":0,"7":0,"8":0,"9":0,"10":0,"11":0,"12":0,"13":0,"14":0,"15":0,"16":0,"17":0,"18":0,"19":0,"20":0,"21":0,"22":0,"23":0,"24":0,"25":0,"26":0,"27":0,"28":0,"29":0,"30":0,"31":0,"32":0,"33":0,"34":0,"35":0,"36":0,"37":0},"b":{},"inputSourceMap":{"version":3,"names":["EligibilityPage","constructor","page","acceptCookiesAndClickContinue","clickContinueButton","clickAcceptCookies","click","clickSelectApplication","clickReleaseEquityMort","selectReleaseEquity","buyToLetProperty","selectBuyToLetProperty","buyAHome","selectBuyAHome","clickDealOnMyTsbMort","selectDealOnTsbMort","clickApplyAdvance","selectApplyForFurtherAdvance","selectSoleApplicant","selectJointApplicant","getByText","clickAgeCheckFalse","clickAgeCheckTrue","clickIfAUkResident","clickIfNotAUkResident","clickIfAppliNotMainResidence","clickIfAppliMainResidence","clickIfAppliHasRegulaIncome","clickIfAppliHasNoRegulaIncome","clickIfAppliHavingArrears","clickIfAppliNotHavingArrears","clickIfApplHasCCJcheck","clickIfApplHasNoCCJcheck","clickBankrptcyCheckTrue","clickBankrptcyCheckFalse","clickMortOnInterestBasis","clickMortOnNotInterestBasis","ageNotSelected","selectConfirmDisclosure","haveChatWithMortgageExperts","haveNoChatWithMortgageExperts","completeApplicantEligibilityCheck","exports","default"],"sources":["eligibilityPage.ts"],"sourcesContent":["//const { globalTimeout } = require(\"../playwright.config\");\r\nimport {Page} from \"@playwright/test\";\r\n\r\nexport default class EligibilityPage {\r\n\r\n    constructor(public page: Page) { }\r\n    \r\n        async acceptCookiesAndClickContinue() {\r\n            //await this.clickAcceptCookies();\r\n            await this.clickContinueButton();\r\n        }    \r\n        \r\n        async clickAcceptCookies() {\r\n            await this.page.click(\"#privacy-accept-button\");\r\n        }\r\n        \r\n        async clickSelectApplication() {\r\n            await this.page.click('span[role=\"combobox\"]:has-text(\"Select application type\")');\r\n        }\r\n\r\n        async clickReleaseEquityMort() {\r\n            await this.page.click(\"#ui-id-8\");\r\n        }\r\n\r\n        async selectReleaseEquity() {\r\n            await this.clickSelectApplication();\r\n            await this.clickReleaseEquityMort();\r\n        }\r\n\r\n        async buyToLetProperty() {\r\n            await this.page.click(\"#ui-id-6\");\r\n        }\r\n\r\n        async selectBuyToLetProperty() {\r\n            await this.clickSelectApplication();\r\n            await this.buyToLetProperty();\r\n        }\r\n\r\n        async buyAHome() {\r\n            await this.page.click(\"#ui-id-2\");\r\n        }\r\n\r\n        async selectBuyAHome() {\r\n            await this.clickSelectApplication();\r\n            await this.buyAHome();\r\n        }\r\n\r\n        async clickDealOnMyTsbMort() {\r\n            await this.page.click(\"#ui-id-5\");\r\n        }\r\n\r\n        async selectDealOnTsbMort() {\r\n            await this.clickSelectApplication();\r\n            await this.clickDealOnMyTsbMort();\r\n        }\r\n\r\n        async clickApplyAdvance() {\r\n            await this.page.click(\"#ui-id-4\");\r\n        }\r\n\r\n        async selectApplyForFurtherAdvance() {\r\n            await this.clickSelectApplication();\r\n            await this.clickApplyAdvance();\r\n        }    \r\n\r\n        async selectSoleApplicant() {\r\n            await this.page.click(\"//label[contains(text(),'One (sole applicant)')]\");\r\n        }\r\n\r\n        async selectJointApplicant() {\r\n            await this.page.getByText('Two (joint applicants)');\r\n        }\r\n\r\n        async clickAgeCheckFalse() {\r\n            await this.page.click('label[for=\"ageCheck_false\"]');\r\n        }\r\n\r\n        async clickAgeCheckTrue() {\r\n            await this.page.click('label[for=\"ageCheck_true\"]');\r\n        }\r\n\r\n        async clickIfAUkResident() {\r\n            await this.page.click('label[for=\"residencyCheck_true\"]');\r\n        }\r\n\r\n        async clickIfNotAUkResident() {\r\n            await this.page.click('label[for=\"residencyCheck_false\"]');\r\n        }\r\n\r\n        async clickIfAppliNotMainResidence() {\r\n            await this.page.click('label[for=\"mainResidenceCheck_false\"]');\r\n        }\r\n\r\n        async clickIfAppliMainResidence() {\r\n            await this.page.click('label[for=\"mainResidenceCheck_true\"]');\r\n        }\r\n\r\n        async clickIfAppliHasRegulaIncome() {\r\n            await this.page.click('label[for=\"incomeCheck_true\"]');\r\n        }\r\n\r\n        async clickIfAppliHasNoRegulaIncome() {\r\n            await this.page.click('label[for=\"incomeCheck_false\"]');\r\n        }\r\n\r\n        async clickIfAppliHavingArrears() {\r\n            await this.page.click('label[for=\"arrearsCheck_true\"]');\r\n        }\r\n\r\n        async clickIfAppliNotHavingArrears() {\r\n            await this.page.click('label[for=\"arrearsCheck_false\"]');\r\n        }\r\n\r\n        async clickIfApplHasCCJcheck() {\r\n            await this.page.click('label[for=\"ccjCheck_true\"]');\r\n        }\r\n \r\n        async clickIfApplHasNoCCJcheck() {\r\n            await this.page.click('label[for=\"ccjCheck_false\"]');\r\n        }\r\n\r\n        async clickBankrptcyCheckTrue() {\r\n            await this.page.click('label[for=\"bankruptcyCheck_true\"]');\r\n        }\r\n\r\n        async clickBankrptcyCheckFalse() {\r\n            await this.page.click('label[for=\"bankruptcyCheck_false\"]');\r\n        }\r\n\r\n        async clickMortOnInterestBasis() {\r\n            await this.page.click('label[for=\"interestOnly_true\"]');\r\n        }\r\n\r\n        async clickMortOnNotInterestBasis() {\r\n            await this.page.click('label[for=\"interestOnly_false\"]');\r\n        }\r\n\r\n        async clickContinueButton() {\r\n            await this.page.click(\"button[type='submit']\");\r\n        }\r\n\r\n        async ageNotSelected() {\r\n            await this.page.click(\"#qualifierQuestions.ageCheck-error\");\r\n        }\r\n\r\n        async selectConfirmDisclosure() {\r\n            await this.page.click(\"label[class='checkbox']\");\r\n        }\r\n\r\n        async haveChatWithMortgageExperts() {\r\n            await this.page.click(\"label[for='chatCheck_true']\");\r\n        }\r\n\r\n        async haveNoChatWithMortgageExperts() {\r\n            await this.page.click(\"label[for='chatCheck_false']\");\r\n        }\r\n\r\n        async completeApplicantEligibilityCheck() {\r\n            await this.clickAcceptCookies();\r\n            await this.selectBuyAHome();\r\n            await this.selectSoleApplicant();\r\n            await this.haveChatWithMortgageExperts();\r\n            await this.clickAgeCheckTrue();\r\n            await this.clickIfAUkResident();\r\n            await this.clickIfAppliMainResidence();\r\n            await this.clickIfAppliHasRegulaIncome();\r\n            await this.clickIfAppliNotHavingArrears();\r\n            await this.clickIfApplHasNoCCJcheck();\r\n            await this.clickBankrptcyCheckFalse();\r\n            await this.clickMortOnNotInterestBasis();\r\n            await this.clickContinueButton();\r\n            await this.selectConfirmDisclosure();\r\n            await this.clickContinueButton();\r\n        }\r\n    \r\n}\r\n\r\n\r\n\r\n\r\n\r\n\r\n\r\n\r\n\r\n\r\n"],"mappings":";;;;;;AAAA;;AAGe,MAAMA,eAAe,CAAC;EAEjCC,WAAWA,CAAQC,IAAU,EAAE;IAAA,KAAZA,IAAU,GAAVA,IAAU;EAAI;EAE7B,MAAMC,6BAA6BA,CAAA,EAAG;IAClC;IACA,MAAM,IAAI,CAACC,mBAAmB,CAAC,CAAC;EACpC;EAEA,MAAMC,kBAAkBA,CAAA,EAAG;IACvB,MAAM,IAAI,CAACH,IAAI,CAACI,KAAK,CAAC,wBAAwB,CAAC;EACnD;EAEA,MAAMC,sBAAsBA,CAAA,EAAG;IAC3B,MAAM,IAAI,CAACL,IAAI,CAACI,KAAK,CAAC,2DAA2D,CAAC;EACtF;EAEA,MAAME,sBAAsBA,CAAA,EAAG;IAC3B,MAAM,IAAI,CAACN,IAAI,CAACI,KAAK,CAAC,UAAU,CAAC;EACrC;EAEA,MAAMG,mBAAmBA,CAAA,EAAG;IACxB,MAAM,IAAI,CAACF,sBAAsB,CAAC,CAAC;IACnC,MAAM,IAAI,CAACC,sBAAsB,CAAC,CAAC;EACvC;EAEA,MAAME,gBAAgBA,CAAA,EAAG;IACrB,MAAM,IAAI,CAACR,IAAI,CAACI,KAAK,CAAC,UAAU,CAAC;EACrC;EAEA,MAAMK,sBAAsBA,CAAA,EAAG;IAC3B,MAAM,IAAI,CAACJ,sBAAsB,CAAC,CAAC;IACnC,MAAM,IAAI,CAACG,gBAAgB,CAAC,CAAC;EACjC;EAEA,MAAME,QAAQA,CAAA,EAAG;IACb,MAAM,IAAI,CAACV,IAAI,CAACI,KAAK,CAAC,UAAU,CAAC;EACrC;EAEA,MAAMO,cAAcA,CAAA,EAAG;IACnB,MAAM,IAAI,CAACN,sBAAsB,CAAC,CAAC;IACnC,MAAM,IAAI,CAACK,QAAQ,CAAC,CAAC;EACzB;EAEA,MAAME,oBAAoBA,CAAA,EAAG;IACzB,MAAM,IAAI,CAACZ,IAAI,CAACI,KAAK,CAAC,UAAU,CAAC;EACrC;EAEA,MAAMS,mBAAmBA,CAAA,EAAG;IACxB,MAAM,IAAI,CAACR,sBAAsB,CAAC,CAAC;IACnC,MAAM,IAAI,CAACO,oBAAoB,CAAC,CAAC;EACrC;EAEA,MAAME,iBAAiBA,CAAA,EAAG;IACtB,MAAM,IAAI,CAACd,IAAI,CAACI,KAAK,CAAC,UAAU,CAAC;EACrC;EAEA,MAAMW,4BAA4BA,CAAA,EAAG;IACjC,MAAM,IAAI,CAACV,sBAAsB,CAAC,CAAC;IACnC,MAAM,IAAI,CAACS,iBAAiB,CAAC,CAAC;EAClC;EAEA,MAAME,mBAAmBA,CAAA,EAAG;IACxB,MAAM,IAAI,CAAChB,IAAI,CAACI,KAAK,CAAC,kDAAkD,CAAC;EAC7E;EAEA,MAAMa,oBAAoBA,CAAA,EAAG;IACzB,MAAM,IAAI,CAACjB,IAAI,CAACkB,SAAS,CAAC,wBAAwB,CAAC;EACvD;EAEA,MAAMC,kBAAkBA,CAAA,EAAG;IACvB,MAAM,IAAI,CAACnB,IAAI,CAACI,KAAK,CAAC,6BAA6B,CAAC;EACxD;EAEA,MAAMgB,iBAAiBA,CAAA,EAAG;IACtB,MAAM,IAAI,CAACpB,IAAI,CAACI,KAAK,CAAC,4BAA4B,CAAC;EACvD;EAEA,MAAMiB,kBAAkBA,CAAA,EAAG;IACvB,MAAM,IAAI,CAACrB,IAAI,CAACI,KAAK,CAAC,kCAAkC,CAAC;EAC7D;EAEA,MAAMkB,qBAAqBA,CAAA,EAAG;IAC1B,MAAM,IAAI,CAACtB,IAAI,CAACI,KAAK,CAAC,mCAAmC,CAAC;EAC9D;EAEA,MAAMmB,4BAA4BA,CAAA,EAAG;IACjC,MAAM,IAAI,CAACvB,IAAI,CAACI,KAAK,CAAC,uCAAuC,CAAC;EAClE;EAEA,MAAMoB,yBAAyBA,CAAA,EAAG;IAC9B,MAAM,IAAI,CAACxB,IAAI,CAACI,KAAK,CAAC,sCAAsC,CAAC;EACjE;EAEA,MAAMqB,2BAA2BA,CAAA,EAAG;IAChC,MAAM,IAAI,CAACzB,IAAI,CAACI,KAAK,CAAC,+BAA+B,CAAC;EAC1D;EAEA,MAAMsB,6BAA6BA,CAAA,EAAG;IAClC,MAAM,IAAI,CAAC1B,IAAI,CAACI,KAAK,CAAC,gCAAgC,CAAC;EAC3D;EAEA,MAAMuB,yBAAyBA,CAAA,EAAG;IAC9B,MAAM,IAAI,CAAC3B,IAAI,CAACI,KAAK,CAAC,gCAAgC,CAAC;EAC3D;EAEA,MAAMwB,4BAA4BA,CAAA,EAAG;IACjC,MAAM,IAAI,CAAC5B,IAAI,CAACI,KAAK,CAAC,iCAAiC,CAAC;EAC5D;EAEA,MAAMyB,sBAAsBA,CAAA,EAAG;IAC3B,MAAM,IAAI,CAAC7B,IAAI,CAACI,KAAK,CAAC,4BAA4B,CAAC;EACvD;EAEA,MAAM0B,wBAAwBA,CAAA,EAAG;IAC7B,MAAM,IAAI,CAAC9B,IAAI,CAACI,KAAK,CAAC,6BAA6B,CAAC;EACxD;EAEA,MAAM2B,uBAAuBA,CAAA,EAAG;IAC5B,MAAM,IAAI,CAAC/B,IAAI,CAACI,KAAK,CAAC,mCAAmC,CAAC;EAC9D;EAEA,MAAM4B,wBAAwBA,CAAA,EAAG;IAC7B,MAAM,IAAI,CAAChC,IAAI,CAACI,KAAK,CAAC,oCAAoC,CAAC;EAC/D;EAEA,MAAM6B,wBAAwBA,CAAA,EAAG;IAC7B,MAAM,IAAI,CAACjC,IAAI,CAACI,KAAK,CAAC,gCAAgC,CAAC;EAC3D;EAEA,MAAM8B,2BAA2BA,CAAA,EAAG;IAChC,MAAM,IAAI,CAAClC,IAAI,CAACI,KAAK,CAAC,iCAAiC,CAAC;EAC5D;EAEA,MAAMF,mBAAmBA,CAAA,EAAG;IACxB,MAAM,IAAI,CAACF,IAAI,CAACI,KAAK,CAAC,uBAAuB,CAAC;EAClD;EAEA,MAAM+B,cAAcA,CAAA,EAAG;IACnB,MAAM,IAAI,CAACnC,IAAI,CAACI,KAAK,CAAC,oCAAoC,CAAC;EAC/D;EAEA,MAAMgC,uBAAuBA,CAAA,EAAG;IAC5B,MAAM,IAAI,CAACpC,IAAI,CAACI,KAAK,CAAC,yBAAyB,CAAC;EACpD;EAEA,MAAMiC,2BAA2BA,CAAA,EAAG;IAChC,MAAM,IAAI,CAACrC,IAAI,CAACI,KAAK,CAAC,6BAA6B,CAAC;EACxD;EAEA,MAAMkC,6BAA6BA,CAAA,EAAG;IAClC,MAAM,IAAI,CAACtC,IAAI,CAACI,KAAK,CAAC,8BAA8B,CAAC;EACzD;EAEA,MAAMmC,iCAAiCA,CAAA,EAAG;IACtC,MAAM,IAAI,CAACpC,kBAAkB,CAAC,CAAC;IAC/B,MAAM,IAAI,CAACQ,cAAc,CAAC,CAAC;IAC3B,MAAM,IAAI,CAACK,mBAAmB,CAAC,CAAC;IAChC,MAAM,IAAI,CAACqB,2BAA2B,CAAC,CAAC;IACxC,MAAM,IAAI,CAACjB,iBAAiB,CAAC,CAAC;IAC9B,MAAM,IAAI,CAACC,kBAAkB,CAAC,CAAC;IAC/B,MAAM,IAAI,CAACG,yBAAyB,CAAC,CAAC;IACtC,MAAM,IAAI,CAACC,2BAA2B,CAAC,CAAC;IACxC,MAAM,IAAI,CAACG,4BAA4B,CAAC,CAAC;IACzC,MAAM,IAAI,CAACE,wBAAwB,CAAC,CAAC;IACrC,MAAM,IAAI,CAACE,wBAAwB,CAAC,CAAC;IACrC,MAAM,IAAI,CAACE,2BAA2B,CAAC,CAAC;IACxC,MAAM,IAAI,CAAChC,mBAAmB,CAAC,CAAC;IAChC,MAAM,IAAI,CAACkC,uBAAuB,CAAC,CAAC;IACpC,MAAM,IAAI,CAAClC,mBAAmB,CAAC,CAAC;EACpC;AAER;AAACsC,OAAA,CAAAC,OAAA,GAAA3C,eAAA"},"_coverageSchema":"1a1c01bbd47fc00a2c39e90264f33305004495a9","hash":"a359deb2f40cca1b162792e20ffa244a734df0f7","contentHash":"db8be9b409356b351c118cb641a9e8876a6cd4f8430f34d3742afdebabfb4c3f"},"C:\\Users\\C87118B\\OneDrive - EXPERIAN SERVICES CORP\\Documents\\Automation\\TSB\\pageobjects\\eligibilityValidation.ts":{"path":"C:\\Users\\C87118B\\OneDrive - EXPERIAN SERVICES CORP\\Documents\\Automation\\TSB\\pageobjects\\eligibilityValidation.ts","statementMap":{"0":{"start":{"line":3,"column":0},"end":{"line":5,"column":3}},"1":{"start":{"line":6,"column":0},"end":{"line":6,"column":25}},"2":{"start":{"line":7,"column":12},"end":{"line":7,"column":39}},"3":{"start":{"line":10,"column":4},"end":{"line":10,"column":23}},"4":{"start":{"line":11,"column":4},"end":{"line":11,"column":36}},"5":{"start":{"line":12,"column":4},"end":{"line":12,"column":38}},"6":{"start":{"line":13,"column":4},"end":{"line":13,"column":37}},"7":{"start":{"line":14,"column":4},"end":{"line":14,"column":41}},"8":{"start":{"line":15,"column":4},"end":{"line":15,"column":35}},"9":{"start":{"line":16,"column":4},"end":{"line":16,"column":31}},"10":{"start":{"line":17,"column":4},"end":{"line":17,"column":36}},"11":{"start":{"line":18,"column":4},"end":{"line":18,"column":38}},"12":{"start":{"line":19,"column":4},"end":{"line":19,"column":38}},"13":{"start":{"line":20,"column":4},"end":{"line":20,"column":21}},"14":{"start":{"line":21,"column":4},"end":{"line":21,"column":96}},"15":{"start":{"line":22,"column":4},"end":{"line":22,"column":93}},"16":{"start":{"line":23,"column":4},"end":{"line":23,"column":101}},"17":{"start":{"line":24,"column":4},"end":{"line":24,"column":104}},"18":{"start":{"line":25,"column":4},"end":{"line":25,"column":101}},"19":{"start":{"line":26,"column":4},"end":{"line":26,"column":96}},"20":{"start":{"line":27,"column":4},"end":{"line":27,"column":88}},"21":{"start":{"line":28,"column":4},"end":{"line":28,"column":100}},"22":{"start":{"line":29,"column":4},"end":{"line":29,"column":99}},"23":{"start":{"line":32,"column":4},"end":{"line":32,"column":68}},"24":{"start":{"line":35,"column":4},"end":{"line":35,"column":66}},"25":{"start":{"line":38,"column":4},"end":{"line":38,"column":68}},"26":{"start":{"line":41,"column":4},"end":{"line":41,"column":67}},"27":{"start":{"line":44,"column":4},"end":{"line":44,"column":71}},"28":{"start":{"line":47,"column":4},"end":{"line":47,"column":65}},"29":{"start":{"line":50,"column":4},"end":{"line":50,"column":61}},"30":{"start":{"line":53,"column":4},"end":{"line":53,"column":66}},"31":{"start":{"line":56,"column":4},"end":{"line":56,"column":68}},"32":{"start":{"line":59,"column":0},"end":{"line":59,"column":33}}},"fnMap":{"0":{"name":"(anonymous_0)","decl":{"start":{"line":9,"column":2},"end":{"line":9,"column":3}},"loc":{"start":{"line":9,"column":20},"end":{"line":30,"column":3}},"line":9},"1":{"name":"(anonymous_1)","decl":{"start":{"line":31,"column":2},"end":{"line":31,"column":3}},"loc":{"start":{"line":31,"column":36},"end":{"line":33,"column":3}},"line":31},"2":{"name":"(anonymous_2)","decl":{"start":{"line":34,"column":2},"end":{"line":34,"column":3}},"loc":{"start":{"line":34,"column":46},"end":{"line":36,"column":3}},"line":34},"3":{"name":"(anonymous_3)","decl":{"start":{"line":37,"column":2},"end":{"line":37,"column":3}},"loc":{"start":{"line":37,"column":37},"end":{"line":39,"column":3}},"line":37},"4":{"name":"(anonymous_4)","decl":{"start":{"line":40,"column":2},"end":{"line":40,"column":3}},"loc":{"start":{"line":40,"column":39},"end":{"line":42,"column":3}},"line":40},"5":{"name":"(anonymous_5)","decl":{"start":{"line":43,"column":2},"end":{"line":43,"column":3}},"loc":{"start":{"line":43,"column":39},"end":{"line":45,"column":3}},"line":43},"6":{"name":"(anonymous_6)","decl":{"start":{"line":46,"column":2},"end":{"line":46,"column":3}},"loc":{"start":{"line":46,"column":33},"end":{"line":48,"column":3}},"line":46},"7":{"name":"(anonymous_7)","decl":{"start":{"line":49,"column":2},"end":{"line":49,"column":3}},"loc":{"start":{"line":49,"column":29},"end":{"line":51,"column":3}},"line":49},"8":{"name":"(anonymous_8)","decl":{"start":{"line":52,"column":2},"end":{"line":52,"column":3}},"loc":{"start":{"line":52,"column":34},"end":{"line":54,"column":3}},"line":52},"9":{"name":"(anonymous_9)","decl":{"start":{"line":55,"column":2},"end":{"line":55,"column":3}},"loc":{"start":{"line":55,"column":40},"end":{"line":57,"column":3}},"line":55}},"branchMap":{},"s":{"0":1,"1":1,"2":1,"3":0,"4":0,"5":0,"6":0,"7":0,"8":0,"9":0,"10":0,"11":0,"12":0,"13":0,"14":0,"15":0,"16":0,"17":0,"18":0,"19":0,"20":0,"21":0,"22":0,"23":0,"24":0,"25":0,"26":0,"27":0,"28":0,"29":0,"30":0,"31":0,"32":1},"f":{"0":0,"1":0,"2":0,"3":0,"4":0,"5":0,"6":0,"7":0,"8":0,"9":0},"b":{},"inputSourceMap":{"version":3,"names":["_test","require","ValidationText","constructor","page","applicantAgeCheck","applicantUKResident","applicantResidence","applicantRegularIncome","applicantArrears","applicantCCJ","applicantBankrupt","mortgagesOnInterest","chatwithMortExperts","locator","verifyChatWithMortExperts","expect","toBeVisible","verifyApplicantAgeValidationMessage","verifyApplicantIsAResident","verifyApplicantMainResidence","verifyApplicantRegularIncome","verifyApplicantArrears","verifyApplicantCCJ","verifyApplicantBankrupt","verifyMortgageOnInterestBasis","exports","default"],"sources":["eligibilityValidation.ts"],"sourcesContent":["import {Page, expect, Locator} from \"@playwright/test\";\r\n\r\nexport default class ValidationText {\r\n\r\n    readonly page: Page;\r\n    readonly applicantAgeCheck: Locator;\r\n    readonly applicantUKResident: Locator;\r\n    readonly applicantResidence: Locator;\r\n    readonly applicantRegularIncome: Locator;\r\n    readonly applicantArrears: Locator;\r\n    readonly applicantCCJ: Locator;\r\n    readonly applicantBankrupt: Locator;\r\n    readonly mortgagesOnInterest: Locator;\r\n    readonly chatwithMortExperts: Locator;\r\n\r\n    constructor(page: Page) {\r\n        this.page = page;\r\n        this.chatwithMortExperts = page.locator(\"//span[@id='qualifierQuestions.chatCheck-error']\");\r\n        this.applicantAgeCheck = page.locator(\"//span[@id='qualifierQuestions.ageCheck-error']\");\r\n        this.applicantUKResident = page.locator(\"//span[@id='qualifierQuestions.residencyCheck-error']\");\r\n        this.applicantResidence = page.locator(\"//span[@id='qualifierQuestions.mainResidenceCheck-error']\");\r\n        this.applicantRegularIncome = page.locator(\"//span[@id='qualifierQuestions.incomeCheck-error']\");\r\n        this.applicantArrears = page.locator(\"//span[@id='qualifierQuestions.arrearsCheck-error']\");\r\n        this.applicantCCJ = page.locator(\"//span[@id='qualifierQuestions.ccjCheck-error']\");\r\n        this.applicantBankrupt = page.locator(\"//span[@id='qualifierQuestions.bankruptcyCheck-error']\");\r\n        this.mortgagesOnInterest = page.locator(\"//span[@id='qualifierQuestions.interestOnly-error']\");\r\n    }\r\n\r\n    async verifyChatWithMortExperts() {\r\n        await expect(this.chatwithMortExperts).toBeVisible();\r\n    }\r\n\r\n    async verifyApplicantAgeValidationMessage() {\r\n        await expect(this.applicantAgeCheck).toBeVisible();\r\n    }\r\n    async verifyApplicantIsAResident() {\r\n        await expect(this.applicantUKResident).toBeVisible();\r\n    }\r\n    async verifyApplicantMainResidence() {\r\n        await expect(this.applicantResidence).toBeVisible();\r\n    }\r\n    async verifyApplicantRegularIncome() {\r\n        await expect(this.applicantRegularIncome).toBeVisible();\r\n    }\r\n    async verifyApplicantArrears() {\r\n        await expect(this.applicantArrears).toBeVisible();\r\n    }\r\n    async verifyApplicantCCJ() {\r\n        await expect(this.applicantCCJ).toBeVisible();\r\n    }\r\n    async verifyApplicantBankrupt() {\r\n        await expect(this.applicantBankrupt).toBeVisible();\r\n    }\r\n    async verifyMortgageOnInterestBasis() {\r\n        await expect(this.mortgagesOnInterest).toBeVisible();\r\n    }\r\n\r\n}"],"mappings":";;;;;;AAAA,IAAAA,KAAA,GAAAC,OAAA;AAEe,MAAMC,cAAc,CAAC;EAahCC,WAAWA,CAACC,IAAU,EAAE;IAAA,KAXfA,IAAI;IAAA,KACJC,iBAAiB;IAAA,KACjBC,mBAAmB;IAAA,KACnBC,kBAAkB;IAAA,KAClBC,sBAAsB;IAAA,KACtBC,gBAAgB;IAAA,KAChBC,YAAY;IAAA,KACZC,iBAAiB;IAAA,KACjBC,mBAAmB;IAAA,KACnBC,mBAAmB;IAGxB,IAAI,CAACT,IAAI,GAAGA,IAAI;IAChB,IAAI,CAACS,mBAAmB,GAAGT,IAAI,CAACU,OAAO,CAAC,kDAAkD,CAAC;IAC3F,IAAI,CAACT,iBAAiB,GAAGD,IAAI,CAACU,OAAO,CAAC,iDAAiD,CAAC;IACxF,IAAI,CAACR,mBAAmB,GAAGF,IAAI,CAACU,OAAO,CAAC,uDAAuD,CAAC;IAChG,IAAI,CAACP,kBAAkB,GAAGH,IAAI,CAACU,OAAO,CAAC,2DAA2D,CAAC;IACnG,IAAI,CAACN,sBAAsB,GAAGJ,IAAI,CAACU,OAAO,CAAC,oDAAoD,CAAC;IAChG,IAAI,CAACL,gBAAgB,GAAGL,IAAI,CAACU,OAAO,CAAC,qDAAqD,CAAC;IAC3F,IAAI,CAACJ,YAAY,GAAGN,IAAI,CAACU,OAAO,CAAC,iDAAiD,CAAC;IACnF,IAAI,CAACH,iBAAiB,GAAGP,IAAI,CAACU,OAAO,CAAC,wDAAwD,CAAC;IAC/F,IAAI,CAACF,mBAAmB,GAAGR,IAAI,CAACU,OAAO,CAAC,qDAAqD,CAAC;EAClG;EAEA,MAAMC,yBAAyBA,CAAA,EAAG;IAC9B,MAAM,IAAAC,YAAM,EAAC,IAAI,CAACH,mBAAmB,CAAC,CAACI,WAAW,CAAC,CAAC;EACxD;EAEA,MAAMC,mCAAmCA,CAAA,EAAG;IACxC,MAAM,IAAAF,YAAM,EAAC,IAAI,CAACX,iBAAiB,CAAC,CAACY,WAAW,CAAC,CAAC;EACtD;EACA,MAAME,0BAA0BA,CAAA,EAAG;IAC/B,MAAM,IAAAH,YAAM,EAAC,IAAI,CAACV,mBAAmB,CAAC,CAACW,WAAW,CAAC,CAAC;EACxD;EACA,MAAMG,4BAA4BA,CAAA,EAAG;IACjC,MAAM,IAAAJ,YAAM,EAAC,IAAI,CAACT,kBAAkB,CAAC,CAACU,WAAW,CAAC,CAAC;EACvD;EACA,MAAMI,4BAA4BA,CAAA,EAAG;IACjC,MAAM,IAAAL,YAAM,EAAC,IAAI,CAACR,sBAAsB,CAAC,CAACS,WAAW,CAAC,CAAC;EAC3D;EACA,MAAMK,sBAAsBA,CAAA,EAAG;IAC3B,MAAM,IAAAN,YAAM,EAAC,IAAI,CAACP,gBAAgB,CAAC,CAACQ,WAAW,CAAC,CAAC;EACrD;EACA,MAAMM,kBAAkBA,CAAA,EAAG;IACvB,MAAM,IAAAP,YAAM,EAAC,IAAI,CAACN,YAAY,CAAC,CAACO,WAAW,CAAC,CAAC;EACjD;EACA,MAAMO,uBAAuBA,CAAA,EAAG;IAC5B,MAAM,IAAAR,YAAM,EAAC,IAAI,CAACL,iBAAiB,CAAC,CAACM,WAAW,CAAC,CAAC;EACtD;EACA,MAAMQ,6BAA6BA,CAAA,EAAG;IAClC,MAAM,IAAAT,YAAM,EAAC,IAAI,CAACJ,mBAAmB,CAAC,CAACK,WAAW,CAAC,CAAC;EACxD;AAEJ;AAACS,OAAA,CAAAC,OAAA,GAAAzB,cAAA"},"_coverageSchema":"1a1c01bbd47fc00a2c39e90264f33305004495a9","hash":"89e6821359556449f22ca99ec0c0030c802b254a","contentHash":"47cf33a3e5b22552ff1cad1569451c1fc916b26ff2650de38f5a5042c313e584"},"C:\\Users\\C87118B\\OneDrive - EXPERIAN SERVICES CORP\\Documents\\Automation\\TSB\\pageobjects\\personalDetails.ts":{"path":"C:\\Users\\C87118B\\OneDrive - EXPERIAN SERVICES CORP\\Documents\\Automation\\TSB\\pageobjects\\personalDetails.ts","statementMap":{"0":{"start":{"line":3,"column":0},"end":{"line":5,"column":3}},"1":{"start":{"line":6,"column":0},"end":{"line":6,"column":25}},"2":{"start":{"line":7,"column":11},"end":{"line":7,"column":90}},"3":{"start":{"line":8,"column":49},"end":{"line":8,"column":96}},"4":{"start":{"line":8,"column":84},"end":{"line":8,"column":96}},"5":{"start":{"line":8,"column":121},"end":{"line":8,"column":134}},"6":{"start":{"line":8,"column":159},"end":{"line":8,"column":172}},"7":{"start":{"line":8,"column":174},"end":{"line":8,"column":309}},"8":{"start":{"line":8,"column":234},"end":{"line":8,"column":292}},"9":{"start":{"line":9,"column":53},"end":{"line":9,"column":111}},"10":{"start":{"line":9,"column":98},"end":{"line":9,"column":109}},"11":{"start":{"line":9,"column":112},"end":{"line":9,"column":214}},"12":{"start":{"line":9,"column":188},"end":{"line":9,"column":212}},"13":{"start":{"line":9,"column":227},"end":{"line":9,"column":264}},"14":{"start":{"line":9,"column":266},"end":{"line":9,"column":321}},"15":{"start":{"line":9,"column":297},"end":{"line":9,"column":319}},"16":{"start":{"line":9,"column":335},"end":{"line":9,"column":337}},"17":{"start":{"line":9,"column":367},"end":{"line":9,"column":423}},"18":{"start":{"line":9,"column":425},"end":{"line":9,"column":726}},"19":{"start":{"line":9,"column":448},"end":{"line":9,"column":724}},"20":{"start":{"line":9,"column":534},"end":{"line":9,"column":606}},"21":{"start":{"line":9,"column":608},"end":{"line":9,"column":722}},"22":{"start":{"line":9,"column":646},"end":{"line":9,"column":687}},"23":{"start":{"line":9,"column":697},"end":{"line":9,"column":720}},"24":{"start":{"line":9,"column":727},"end":{"line":9,"column":748}},"25":{"start":{"line":9,"column":749},"end":{"line":9,"column":787}},"26":{"start":{"line":9,"column":762},"end":{"line":9,"column":785}},"27":{"start":{"line":9,"column":788},"end":{"line":9,"column":802}},"28":{"start":{"line":12,"column":4},"end":{"line":12,"column":23}},"29":{"start":{"line":13,"column":4},"end":{"line":13,"column":33}},"30":{"start":{"line":14,"column":4},"end":{"line":14,"column":36}},"31":{"start":{"line":15,"column":4},"end":{"line":15,"column":30}},"32":{"start":{"line":16,"column":4},"end":{"line":16,"column":38}},"33":{"start":{"line":17,"column":4},"end":{"line":17,"column":34}},"34":{"start":{"line":18,"column":4},"end":{"line":18,"column":33}},"35":{"start":{"line":19,"column":4},"end":{"line":19,"column":31}},"36":{"start":{"line":20,"column":4},"end":{"line":20,"column":33}},"37":{"start":{"line":21,"column":4},"end":{"line":21,"column":29}},"38":{"start":{"line":22,"column":4},"end":{"line":22,"column":37}},"39":{"start":{"line":23,"column":4},"end":{"line":23,"column":30}},"40":{"start":{"line":24,"column":4},"end":{"line":24,"column":38}},"41":{"start":{"line":25,"column":4},"end":{"line":25,"column":29}},"42":{"start":{"line":26,"column":4},"end":{"line":26,"column":37}},"43":{"start":{"line":27,"column":4},"end":{"line":27,"column":38}},"44":{"start":{"line":28,"column":4},"end":{"line":28,"column":46}},"45":{"start":{"line":29,"column":4},"end":{"line":29,"column":44}},"46":{"start":{"line":30,"column":4},"end":{"line":30,"column":35}},"47":{"start":{"line":31,"column":4},"end":{"line":31,"column":44}},"48":{"start":{"line":32,"column":4},"end":{"line":32,"column":41}},"49":{"start":{"line":33,"column":4},"end":{"line":33,"column":34}},"50":{"start":{"line":34,"column":4},"end":{"line":34,"column":41}},"51":{"start":{"line":35,"column":4},"end":{"line":35,"column":36}},"52":{"start":{"line":36,"column":4},"end":{"line":36,"column":39}},"53":{"start":{"line":37,"column":4},"end":{"line":37,"column":32}},"54":{"start":{"line":38,"column":4},"end":{"line":38,"column":37}},"55":{"start":{"line":39,"column":4},"end":{"line":39,"column":37}},"56":{"start":{"line":40,"column":4},"end":{"line":40,"column":40}},"57":{"start":{"line":41,"column":4},"end":{"line":41,"column":53}},"58":{"start":{"line":42,"column":4},"end":{"line":42,"column":29}},"59":{"start":{"line":43,"column":4},"end":{"line":43,"column":39}},"60":{"start":{"line":44,"column":4},"end":{"line":44,"column":43}},"61":{"start":{"line":45,"column":4},"end":{"line":45,"column":45}},"62":{"start":{"line":46,"column":4},"end":{"line":46,"column":42}},"63":{"start":{"line":47,"column":4},"end":{"line":47,"column":39}},"64":{"start":{"line":48,"column":4},"end":{"line":48,"column":30}},"65":{"start":{"line":49,"column":4},"end":{"line":49,"column":42}},"66":{"start":{"line":50,"column":4},"end":{"line":50,"column":34}},"67":{"start":{"line":51,"column":4},"end":{"line":51,"column":37}},"68":{"start":{"line":52,"column":4},"end":{"line":52,"column":44}},"69":{"start":{"line":53,"column":4},"end":{"line":53,"column":21}},"70":{"start":{"line":54,"column":4},"end":{"line":54,"column":77}},"71":{"start":{"line":55,"column":4},"end":{"line":55,"column":81}},"72":{"start":{"line":56,"column":4},"end":{"line":56,"column":86}},"73":{"start":{"line":57,"column":4},"end":{"line":57,"column":56}},"74":{"start":{"line":58,"column":4},"end":{"line":58,"column":57}},"75":{"start":{"line":59,"column":4},"end":{"line":59,"column":55}},"76":{"start":{"line":60,"column":4},"end":{"line":60,"column":49}},"77":{"start":{"line":61,"column":4},"end":{"line":61,"column":75}},"78":{"start":{"line":62,"column":4},"end":{"line":62,"column":71}},"79":{"start":{"line":63,"column":4},"end":{"line":63,"column":92}},"80":{"start":{"line":64,"column":4},"end":{"line":64,"column":56}},"81":{"start":{"line":65,"column":4},"end":{"line":65,"column":95}},"82":{"start":{"line":66,"column":4},"end":{"line":66,"column":57}},"83":{"start":{"line":67,"column":4},"end":{"line":67,"column":93}},"84":{"start":{"line":68,"column":4},"end":{"line":68,"column":56}},"85":{"start":{"line":69,"column":4},"end":{"line":69,"column":103}},"86":{"start":{"line":70,"column":4},"end":{"line":70,"column":92}},"87":{"start":{"line":71,"column":4},"end":{"line":73,"column":54}},"88":{"start":{"line":74,"column":4},"end":{"line":74,"column":76}},"89":{"start":{"line":75,"column":4},"end":{"line":75,"column":104}},"90":{"start":{"line":76,"column":4},"end":{"line":76,"column":88}},"91":{"start":{"line":77,"column":4},"end":{"line":77,"column":105}},"92":{"start":{"line":78,"column":4},"end":{"line":78,"column":95}},"93":{"start":{"line":79,"column":4},"end":{"line":79,"column":70}},"94":{"start":{"line":80,"column":4},"end":{"line":80,"column":106}},"95":{"start":{"line":81,"column":4},"end":{"line":83,"column":7}},"96":{"start":{"line":84,"column":4},"end":{"line":84,"column":112}},"97":{"start":{"line":85,"column":4},"end":{"line":87,"column":7}},"98":{"start":{"line":88,"column":4},"end":{"line":90,"column":23}},"99":{"start":{"line":91,"column":4},"end":{"line":93,"column":23}},"100":{"start":{"line":94,"column":4},"end":{"line":94,"column":72}},"101":{"start":{"line":95,"column":4},"end":{"line":95,"column":111}},"102":{"start":{"line":96,"column":4},"end":{"line":96,"column":91}},"103":{"start":{"line":97,"column":4},"end":{"line":97,"column":94}},"104":{"start":{"line":98,"column":4},"end":{"line":98,"column":90}},"105":{"start":{"line":99,"column":4},"end":{"line":99,"column":88}},"106":{"start":{"line":100,"column":4},"end":{"line":100,"column":108}},"107":{"start":{"line":101,"column":4},"end":{"line":101,"column":54}},"108":{"start":{"line":102,"column":4},"end":{"line":102,"column":70}},"109":{"start":{"line":103,"column":4},"end":{"line":103,"column":64}},"110":{"start":{"line":106,"column":4},"end":{"line":106,"column":35}},"111":{"start":{"line":107,"column":4},"end":{"line":107,"column":43}},"112":{"start":{"line":110,"column":4},"end":{"line":110,"column":34}},"113":{"start":{"line":111,"column":4},"end":{"line":111,"column":42}},"114":{"start":{"line":112,"column":4},"end":{"line":112,"column":35}},"115":{"start":{"line":113,"column":4},"end":{"line":113,"column":43}},"116":{"start":{"line":114,"column":4},"end":{"line":114,"column":34}},"117":{"start":{"line":115,"column":4},"end":{"line":115,"column":42}},"118":{"start":{"line":118,"column":4},"end":{"line":118,"column":34}},"119":{"start":{"line":119,"column":4},"end":{"line":119,"column":42}},"120":{"start":{"line":120,"column":4},"end":{"line":120,"column":35}},"121":{"start":{"line":121,"column":4},"end":{"line":121,"column":43}},"122":{"start":{"line":122,"column":4},"end":{"line":122,"column":34}},"123":{"start":{"line":123,"column":4},"end":{"line":123,"column":49}},"124":{"start":{"line":126,"column":4},"end":{"line":126,"column":43}},"125":{"start":{"line":127,"column":4},"end":{"line":127,"column":51}},"126":{"start":{"line":130,"column":4},"end":{"line":130,"column":49}},"127":{"start":{"line":131,"column":4},"end":{"line":131,"column":40}},"128":{"start":{"line":134,"column":4},"end":{"line":134,"column":49}},"129":{"start":{"line":135,"column":4},"end":{"line":135,"column":46}},"130":{"start":{"line":138,"column":4},"end":{"line":138,"column":39}},"131":{"start":{"line":139,"column":4},"end":{"line":139,"column":46}},"132":{"start":{"line":142,"column":4},"end":{"line":142,"column":44}},"133":{"start":{"line":143,"column":4},"end":{"line":143,"column":37}},"134":{"start":{"line":146,"column":4},"end":{"line":146,"column":42}},"135":{"start":{"line":147,"column":4},"end":{"line":147,"column":42}},"136":{"start":{"line":150,"column":4},"end":{"line":150,"column":47}},"137":{"start":{"line":151,"column":4},"end":{"line":151,"column":39}},"138":{"start":{"line":154,"column":4},"end":{"line":154,"column":88}},"139":{"start":{"line":157,"column":4},"end":{"line":157,"column":85}},"140":{"start":{"line":160,"column":4},"end":{"line":160,"column":96}},"141":{"start":{"line":163,"column":4},"end":{"line":163,"column":85}},"142":{"start":{"line":166,"column":4},"end":{"line":166,"column":84}},"143":{"start":{"line":169,"column":4},"end":{"line":169,"column":51}},"144":{"start":{"line":172,"column":4},"end":{"line":172,"column":80}},"145":{"start":{"line":173,"column":4},"end":{"line":173,"column":38}},"146":{"start":{"line":176,"column":4},"end":{"line":176,"column":41}},"147":{"start":{"line":177,"column":4},"end":{"line":177,"column":38}},"148":{"start":{"line":178,"column":4},"end":{"line":178,"column":52}},"149":{"start":{"line":179,"column":4},"end":{"line":179,"column":50}},"150":{"start":{"line":180,"column":4},"end":{"line":180,"column":36}},"151":{"start":{"line":181,"column":4},"end":{"line":181,"column":38}},"152":{"start":{"line":182,"column":4},"end":{"line":182,"column":35}},"153":{"start":{"line":183,"column":4},"end":{"line":183,"column":48}},"154":{"start":{"line":184,"column":4},"end":{"line":184,"column":41}},"155":{"start":{"line":185,"column":4},"end":{"line":185,"column":38}},"156":{"start":{"line":186,"column":4},"end":{"line":186,"column":36}},"157":{"start":{"line":187,"column":4},"end":{"line":187,"column":56}},"158":{"start":{"line":188,"column":4},"end":{"line":188,"column":41}},"159":{"start":{"line":189,"column":4},"end":{"line":189,"column":48}},"160":{"start":{"line":190,"column":4},"end":{"line":190,"column":45}},"161":{"start":{"line":191,"column":4},"end":{"line":191,"column":58}},"162":{"start":{"line":192,"column":4},"end":{"line":192,"column":37}},"163":{"start":{"line":195,"column":4},"end":{"line":195,"column":41}},"164":{"start":{"line":196,"column":4},"end":{"line":196,"column":38}},"165":{"start":{"line":197,"column":4},"end":{"line":197,"column":52}},"166":{"start":{"line":198,"column":4},"end":{"line":198,"column":50}},"167":{"start":{"line":199,"column":4},"end":{"line":199,"column":36}},"168":{"start":{"line":200,"column":4},"end":{"line":200,"column":38}},"169":{"start":{"line":201,"column":4},"end":{"line":201,"column":42}},"170":{"start":{"line":202,"column":4},"end":{"line":202,"column":48}},"171":{"start":{"line":203,"column":4},"end":{"line":203,"column":41}},"172":{"start":{"line":204,"column":4},"end":{"line":204,"column":38}},"173":{"start":{"line":205,"column":4},"end":{"line":205,"column":36}},"174":{"start":{"line":206,"column":4},"end":{"line":206,"column":56}},"175":{"start":{"line":207,"column":4},"end":{"line":207,"column":41}},"176":{"start":{"line":208,"column":4},"end":{"line":208,"column":48}},"177":{"start":{"line":209,"column":4},"end":{"line":209,"column":45}},"178":{"start":{"line":210,"column":4},"end":{"line":210,"column":58}},"179":{"start":{"line":211,"column":4},"end":{"line":211,"column":37}},"180":{"start":{"line":214,"column":0},"end":{"line":214,"column":34}}},"fnMap":{"0":{"name":"_getRequireWildcardCache","decl":{"start":{"line":8,"column":9},"end":{"line":8,"column":33}},"loc":{"start":{"line":8,"column":47},"end":{"line":8,"column":311}},"line":8},"1":{"name":"(anonymous_1)","decl":{"start":{"line":8,"column":209},"end":{"line":8,"column":210}},"loc":{"start":{"line":8,"column":232},"end":{"line":8,"column":294}},"line":8},"2":{"name":"_interopRequireWildcard","decl":{"start":{"line":9,"column":9},"end":{"line":9,"column":32}},"loc":{"start":{"line":9,"column":51},"end":{"line":9,"column":804}},"line":9},"3":{"name":"(anonymous_3)","decl":{"start":{"line":11,"column":2},"end":{"line":11,"column":3}},"loc":{"start":{"line":11,"column":20},"end":{"line":104,"column":3}},"line":11},"4":{"name":"(anonymous_4)","decl":{"start":{"line":105,"column":2},"end":{"line":105,"column":3}},"loc":{"start":{"line":105,"column":31},"end":{"line":108,"column":3}},"line":105},"5":{"name":"(anonymous_5)","decl":{"start":{"line":109,"column":2},"end":{"line":109,"column":3}},"loc":{"start":{"line":109,"column":28},"end":{"line":116,"column":3}},"line":109},"6":{"name":"(anonymous_6)","decl":{"start":{"line":117,"column":2},"end":{"line":117,"column":3}},"loc":{"start":{"line":117,"column":35},"end":{"line":124,"column":3}},"line":117},"7":{"name":"(anonymous_7)","decl":{"start":{"line":125,"column":2},"end":{"line":125,"column":3}},"loc":{"start":{"line":125,"column":41},"end":{"line":128,"column":3}},"line":125},"8":{"name":"(anonymous_8)","decl":{"start":{"line":129,"column":2},"end":{"line":129,"column":3}},"loc":{"start":{"line":129,"column":34},"end":{"line":132,"column":3}},"line":129},"9":{"name":"(anonymous_9)","decl":{"start":{"line":133,"column":2},"end":{"line":133,"column":3}},"loc":{"start":{"line":133,"column":31},"end":{"line":136,"column":3}},"line":133},"10":{"name":"(anonymous_10)","decl":{"start":{"line":137,"column":2},"end":{"line":137,"column":3}},"loc":{"start":{"line":137,"column":29},"end":{"line":140,"column":3}},"line":137},"11":{"name":"(anonymous_11)","decl":{"start":{"line":141,"column":2},"end":{"line":141,"column":3}},"loc":{"start":{"line":141,"column":34},"end":{"line":144,"column":3}},"line":141},"12":{"name":"(anonymous_12)","decl":{"start":{"line":145,"column":2},"end":{"line":145,"column":3}},"loc":{"start":{"line":145,"column":41},"end":{"line":148,"column":3}},"line":145},"13":{"name":"(anonymous_13)","decl":{"start":{"line":149,"column":2},"end":{"line":149,"column":3}},"loc":{"start":{"line":149,"column":35},"end":{"line":152,"column":3}},"line":149},"14":{"name":"(anonymous_14)","decl":{"start":{"line":153,"column":2},"end":{"line":153,"column":3}},"loc":{"start":{"line":153,"column":34},"end":{"line":155,"column":3}},"line":153},"15":{"name":"(anonymous_15)","decl":{"start":{"line":156,"column":2},"end":{"line":156,"column":3}},"loc":{"start":{"line":156,"column":32},"end":{"line":158,"column":3}},"line":156},"16":{"name":"(anonymous_16)","decl":{"start":{"line":159,"column":2},"end":{"line":159,"column":3}},"loc":{"start":{"line":159,"column":38},"end":{"line":161,"column":3}},"line":159},"17":{"name":"(anonymous_17)","decl":{"start":{"line":162,"column":2},"end":{"line":162,"column":3}},"loc":{"start":{"line":162,"column":32},"end":{"line":164,"column":3}},"line":162},"18":{"name":"(anonymous_18)","decl":{"start":{"line":165,"column":2},"end":{"line":165,"column":3}},"loc":{"start":{"line":165,"column":30},"end":{"line":167,"column":3}},"line":165},"19":{"name":"(anonymous_19)","decl":{"start":{"line":168,"column":2},"end":{"line":168,"column":3}},"loc":{"start":{"line":168,"column":30},"end":{"line":170,"column":3}},"line":168},"20":{"name":"(anonymous_20)","decl":{"start":{"line":171,"column":2},"end":{"line":171,"column":3}},"loc":{"start":{"line":171,"column":33},"end":{"line":174,"column":3}},"line":171},"21":{"name":"(anonymous_21)","decl":{"start":{"line":175,"column":2},"end":{"line":175,"column":3}},"loc":{"start":{"line":175,"column":43},"end":{"line":193,"column":3}},"line":175},"22":{"name":"(anonymous_22)","decl":{"start":{"line":194,"column":2},"end":{"line":194,"column":3}},"loc":{"start":{"line":194,"column":57},"end":{"line":212,"column":3}},"line":194}},"branchMap":{"0":{"loc":{"start":{"line":8,"column":49},"end":{"line":8,"column":96}},"type":"if","locations":[{"start":{"line":8,"column":49},"end":{"line":8,"column":96}},{"start":{"line":8,"column":49},"end":{"line":8,"column":96}}],"line":8},"1":{"loc":{"start":{"line":8,"column":241},"end":{"line":8,"column":291}},"type":"cond-expr","locations":[{"start":{"line":8,"column":255},"end":{"line":8,"column":271}},{"start":{"line":8,"column":274},"end":{"line":8,"column":291}}],"line":8},"2":{"loc":{"start":{"line":9,"column":53},"end":{"line":9,"column":111}},"type":"if","locations":[{"start":{"line":9,"column":53},"end":{"line":9,"column":111}},{"start":{"line":9,"column":53},"end":{"line":9,"column":111}}],"line":9},"3":{"loc":{"start":{"line":9,"column":57},"end":{"line":9,"column":94}},"type":"binary-expr","locations":[{"start":{"line":9,"column":57},"end":{"line":9,"column":69}},{"start":{"line":9,"column":73},"end":{"line":9,"column":76}},{"start":{"line":9,"column":80},"end":{"line":9,"column":94}}],"line":9},"4":{"loc":{"start":{"line":9,"column":112},"end":{"line":9,"column":214}},"type":"if","locations":[{"start":{"line":9,"column":112},"end":{"line":9,"column":214}},{"start":{"line":9,"column":112},"end":{"line":9,"column":214}}],"line":9},"5":{"loc":{"start":{"line":9,"column":116},"end":{"line":9,"column":184}},"type":"binary-expr","locations":[{"start":{"line":9,"column":116},"end":{"line":9,"column":128}},{"start":{"line":9,"column":132},"end":{"line":9,"column":155}},{"start":{"line":9,"column":159},"end":{"line":9,"column":184}}],"line":9},"6":{"loc":{"start":{"line":9,"column":266},"end":{"line":9,"column":321}},"type":"if","locations":[{"start":{"line":9,"column":266},"end":{"line":9,"column":321}},{"start":{"line":9,"column":266},"end":{"line":9,"column":321}}],"line":9},"7":{"loc":{"start":{"line":9,"column":270},"end":{"line":9,"column":293}},"type":"binary-expr","locations":[{"start":{"line":9,"column":270},"end":{"line":9,"column":275}},{"start":{"line":9,"column":279},"end":{"line":9,"column":293}}],"line":9},"8":{"loc":{"start":{"line":9,"column":367},"end":{"line":9,"column":423}},"type":"binary-expr","locations":[{"start":{"line":9,"column":367},"end":{"line":9,"column":388}},{"start":{"line":9,"column":392},"end":{"line":9,"column":423}}],"line":9},"9":{"loc":{"start":{"line":9,"column":448},"end":{"line":9,"column":724}},"type":"if","locations":[{"start":{"line":9,"column":448},"end":{"line":9,"column":724}},{"start":{"line":9,"column":448},"end":{"line":9,"column":724}}],"line":9},"10":{"loc":{"start":{"line":9,"column":452},"end":{"line":9,"column":519}},"type":"binary-expr","locations":[{"start":{"line":9,"column":452},"end":{"line":9,"column":469}},{"start":{"line":9,"column":473},"end":{"line":9,"column":519}}],"line":9},"11":{"loc":{"start":{"line":9,"column":534},"end":{"line":9,"column":606}},"type":"cond-expr","locations":[{"start":{"line":9,"column":558},"end":{"line":9,"column":599}},{"start":{"line":9,"column":602},"end":{"line":9,"column":606}}],"line":9},"12":{"loc":{"start":{"line":9,"column":608},"end":{"line":9,"column":722}},"type":"if","locations":[{"start":{"line":9,"column":608},"end":{"line":9,"column":722}},{"start":{"line":9,"column":608},"end":{"line":9,"column":722}}],"line":9},"13":{"loc":{"start":{"line":9,"column":612},"end":{"line":9,"column":642}},"type":"binary-expr","locations":[{"start":{"line":9,"column":612},"end":{"line":9,"column":616}},{"start":{"line":9,"column":621},"end":{"line":9,"column":629}},{"start":{"line":9,"column":633},"end":{"line":9,"column":641}}],"line":9},"14":{"loc":{"start":{"line":9,"column":749},"end":{"line":9,"column":787}},"type":"if","locations":[{"start":{"line":9,"column":749},"end":{"line":9,"column":787}},{"start":{"line":9,"column":749},"end":{"line":9,"column":787}}],"line":9}},"s":{"0":1,"1":1,"2":1,"3":1,"4":0,"5":1,"6":1,"7":1,"8":1,"9":1,"10":0,"11":1,"12":0,"13":1,"14":1,"15":0,"16":1,"17":1,"18":1,"19":6,"20":6,"21":6,"22":0,"23":6,"24":1,"25":1,"26":1,"27":1,"28":0,"29":0,"30":0,"31":0,"32":0,"33":0,"34":0,"35":0,"36":0,"37":0,"38":0,"39":0,"40":0,"41":0,"42":0,"43":0,"44":0,"45":0,"46":0,"47":0,"48":0,"49":0,"50":0,"51":0,"52":0,"53":0,"54":0,"55":0,"56":0,"57":0,"58":0,"59":0,"60":0,"61":0,"62":0,"63":0,"64":0,"65":0,"66":0,"67":0,"68":0,"69":0,"70":0,"71":0,"72":0,"73":0,"74":0,"75":0,"76":0,"77":0,"78":0,"79":0,"80":0,"81":0,"82":0,"83":0,"84":0,"85":0,"86":0,"87":0,"88":0,"89":0,"90":0,"91":0,"92":0,"93":0,"94":0,"95":0,"96":0,"97":0,"98":0,"99":0,"100":0,"101":0,"102":0,"103":0,"104":0,"105":0,"106":0,"107":0,"108":0,"109":0,"110":0,"111":0,"112":0,"113":0,"114":0,"115":0,"116":0,"117":0,"118":0,"119":0,"120":0,"121":0,"122":0,"123":0,"124":0,"125":0,"126":0,"127":0,"128":0,"129":0,"130":0,"131":0,"132":0,"133":0,"134":0,"135":0,"136":0,"137":0,"138":0,"139":0,"140":0,"141":0,"142":0,"143":0,"144":0,"145":0,"146":0,"147":0,"148":0,"149":0,"150":0,"151":0,"152":0,"153":0,"154":0,"155":0,"156":0,"157":0,"158":0,"159":0,"160":0,"161":0,"162":0,"163":0,"164":0,"165":0,"166":0,"167":0,"168":0,"169":0,"170":0,"171":0,"172":0,"173":0,"174":0,"175":0,"176":0,"177":0,"178":0,"179":0,"180":1},"f":{"0":1,"1":1,"2":1,"3":0,"4":0,"5":0,"6":0,"7":0,"8":0,"9":0,"10":0,"11":0,"12":0,"13":0,"14":0,"15":0,"16":0,"17":0,"18":0,"19":0,"20":0,"21":0,"22":0},"b":{"0":[0,1],"1":[0,1],"2":[0,1],"3":[1,1,1],"4":[0,1],"5":[1,1,0],"6":[0,1],"7":[1,1],"8":[1,1],"9":[6,0],"10":[6,6],"11":[6,0],"12":[0,6],"13":[6,6,6],"14":[1,0]},"inputSourceMap":{"version":3,"names":["data","_interopRequireWildcard","require","_getRequireWildcardCache","nodeInterop","WeakMap","cacheBabelInterop","cacheNodeInterop","obj","__esModule","default","cache","has","get","newObj","hasPropertyDescriptor","Object","defineProperty","getOwnPropertyDescriptor","key","prototype","hasOwnProperty","call","desc","set","PersonalDetails","constructor","page","firstTimeBuyer","notFirstTimeBuyer","selectTitle","selectTitleFromList","selectFirstName","selectLastName","selectGender","nameNotChanged","selectDate","selectDateFromList","selectMonth","selectMonthFromList","selectYear","selectYearFromList","selectMartialStatus","selectMartialStatusFromList","selectFinancialDependents","selectDependents","selectNationalityDropdown","selectAppliNationality","selectResidence","selectCountryResidence","selectCityOfBirth","selectCountryOfBirth","selectCountry","selectCountryOfTax","selectTaxedCountry","selectIfNotAUSCitizen","SelectNotAPoliticallyExposedPerson","selectNext","firstTimeBuyerErrMsg","appHasDiplomaticImmunity","appHasNoDiplomaticImmunity","noRightToResidencyCheck","rightToReidencyCheck","nameChanged","selectResidencyDropdown","selectOutsideUk","deletePreviousName","selectInvalidYearFromList","locator","getByLabel","getByText","getByRole","name","selectApplicantTitle","click","selectDateOfBirth","selectInvalidDateOfBirth","selectMartialStatusofApplicant","NoOfFinancialDependents","ApplicantNationality","ApplicantResidence","ApplicantCountryOfBirth","ApplicantCountryOfTaxResidence","SelectResidenceOutsideUK","enterFirstName","firstname","type","enterLastName","lastname","enterCityOfBirth","cityofbirth","enterForeName","forename","enterSurName","surname","clickContinueButton","selectOtherNationality","completeApplicantPersonalDetails","valid","firstName","lastName","cityOfBirth","completeApplicantPersonalDetailswithInvalidDOB","exports"],"sources":["personalDetails.ts"],"sourcesContent":["import {Page, expect, Locator} from \"@playwright/test\";\r\nimport * as data from \"../Test-Data/singleAppEligibilityCheck.json\";\r\n\r\nexport default class PersonalDetails {\r\n\r\n    readonly page: Page;\r\n    readonly firstTimeBuyer: Locator;\r\n    readonly notFirstTimeBuyer: Locator;\r\n    readonly selectTitle: Locator;\r\n    readonly selectTitleFromList: Locator;\r\n    readonly selectFirstName: Locator;\r\n    readonly selectLastName: Locator;\r\n    readonly selectGender: Locator;\r\n    readonly nameNotChanged: Locator;\r\n    readonly selectDate: Locator;\r\n    readonly selectDateFromList: Locator;\r\n    readonly selectMonth: Locator;\r\n    readonly selectMonthFromList: Locator;\r\n    readonly selectYear: Locator;\r\n    readonly selectYearFromList: Locator;\r\n    readonly selectMartialStatus: Locator;\r\n    readonly selectMartialStatusFromList: Locator;\r\n    readonly selectFinancialDependents: Locator;\r\n    readonly selectDependents: Locator;\r\n    readonly selectNationalityDropdown: Locator;\r\n    readonly selectAppliNationality: Locator;\r\n    readonly selectResidence: Locator;\r\n    readonly selectCountryResidence: Locator;\r\n    readonly selectCityOfBirth: Locator;\r\n    readonly selectCountryOfBirth: Locator;\r\n    readonly selectCountry: Locator;\r\n    readonly selectCountryOfTax: Locator;\r\n    readonly selectTaxedCountry: Locator;\r\n    readonly selectIfNotAUSCitizen: Locator;\r\n    readonly SelectNotAPoliticallyExposedPerson: Locator;\r\n    readonly selectNext: Locator;\r\n    readonly firstTimeBuyerErrMsg: Locator;\r\n    readonly appHasDiplomaticImmunity: Locator;\r\n    readonly appHasNoDiplomaticImmunity: Locator;\r\n    readonly noRightToResidencyCheck: Locator;\r\n    readonly rightToReidencyCheck: Locator;\r\n    readonly nameChanged: Locator;\r\n    readonly selectResidencyDropdown: Locator;\r\n    readonly selectOutsideUk: Locator;\r\n    readonly deletePreviousName: Locator;\r\n    readonly selectInvalidYearFromList: Locator;\r\n\r\n\r\n    constructor(page: Page) {\r\n        this.page = page;\r\n        this.firstTimeBuyer = page.locator('label[for=\"firstTimeBuyer_0_true\"]');\r\n        this.notFirstTimeBuyer = page.locator('label[for=\"firstTimeBuyer_0_false\"]');\r\n        this.selectTitle = page.locator('#applicants_0__personalDetails_newtitle-button');\r\n        this.selectTitleFromList = page.locator('#ui-id-2');\r\n        this.selectFirstName = page.getByLabel('First name');\r\n        this.selectLastName = page.getByLabel('Last name');\r\n        this.selectGender = page.getByText('Female');\r\n        this.nameNotChanged = page.locator(\"label[for='nameChanged_0_false']\");\r\n        this.nameChanged = page.locator(\"label[for='nameChanged_0_true']\");\r\n        this.selectDate = page.locator('#applicants_0__personalDetails_dateOfBirth_Day-button');\r\n        this.selectDateFromList = page.locator('#ui-id-18');\r\n        this.selectMonth = page.locator('#applicants_0__personalDetails_dateOfBirth_Month-button');\r\n        this.selectMonthFromList = page.locator('#ui-id-50');\r\n        this.selectYear = page.locator('#applicants_0__personalDetails_dateOfBirth_Year-button');\r\n        this.selectYearFromList = page.locator('#ui-id-64');\r\n        this.selectMartialStatus = page.locator('span[role=\"combobox\"]:has-text(\"Select marital status\")');\r\n        this.selectMartialStatusFromList = page.locator('li[role=\"option\"]:has-text(\"Single\")');\r\n        this.selectFinancialDependents = page.getByRole('group', { name: 'Number of financial dependants' }).locator('span[role=\"combobox\"]:has-text(\"0\")');\r\n        this.selectDependents = page.locator('li[role=\"option\"]:has-text(\"0\")');\r\n        this.selectNationalityDropdown = page.locator('#applicants_0__personalDetails_nationality1-button');\r\n        this.selectAppliNationality = page.locator('li[role=\"option\"]:has-text(\"British\")');\r\n        this.selectResidence = page.locator('span[role=\"combobox\"]:has-text(\"Select country of residence\")');\r\n        this.selectCountryResidence = page.locator('li[role=\"option\"]:has-text(\"United Kingdom\")');\r\n        this.selectCityOfBirth = page.getByLabel('Town or city of birth');\r\n        this.selectCountryOfBirth = page.locator('span[role=\"combobox\"]:has-text(\"Select country of birth\")');\r\n        this.selectCountry = page.locator('ul[role=\"listbox\"]:has-text(\"Select country of birthUnited KingdomAfghanistanÅland IslandsAlbaniaAlgeriaAmeri\")').getByRole('option', { name: 'United Kingdom' });\r\n        this.selectCountryOfTax = page.locator('span[role=\"combobox\"]:has-text(\"Select country of tax residence\")');\r\n        this.selectTaxedCountry = page.locator('ul[role=\"listbox\"]:has-text(\"Select country of tax residenceUnited KingdomAfghanistanÅland IslandsAlbaniaAlge\")').getByRole('option', { name: 'United Kingdom' });\r\n        this.selectIfNotAUSCitizen = page.getByRole('group', { name: 'Are you a US citizen?' }).getByText('No');\r\n        this.SelectNotAPoliticallyExposedPerson = page.getByRole('group', { name: 'Do you declare yourself a politically exposed person?' }).getByText('No');\r\n        this.selectNext = page.locator('//button[contains(text(),\"Next\")]');\r\n        this.firstTimeBuyerErrMsg = page.locator(\"//span[@id='applicants[0].personalDetails.firstTimeBuyer-error\");\r\n        this.appHasDiplomaticImmunity = page.locator(\"label[for='diplomaticImmunity_0_true']\");\r\n        this.appHasNoDiplomaticImmunity = page.locator(\"label[for='diplomaticImmunity_0_false']\");\r\n        this.noRightToResidencyCheck = page.locator(\"label[for='rightToUKResidency_0_true']\");\r\n        this.rightToReidencyCheck = page.locator(\"label[for='rightToUKResidency_0_false']\");\r\n        this.selectResidencyDropdown = page.locator(\"#applicants_0__personalDetails_countryOfResidence-button\");\r\n        this.selectOutsideUk = page.locator(\"#ui-id-435\");\r\n        this.deletePreviousName = page.locator(\"#delete-previous-name_0\");\r\n        this.selectInvalidYearFromList = page.locator(\"#ui-id-131\");\r\n    }\r\n\r\nasync selectApplicantTitle()\r\n    {\r\n        await this.selectTitle.click();\r\n        await this.selectTitleFromList.click();\r\n    }\r\n\r\nasync selectDateOfBirth()\r\n    {\r\n        await this.selectDate.click();\r\n        await this.selectDateFromList.click();\r\n        await this.selectMonth.click();\r\n        await this.selectMonthFromList.click();\r\n        await this.selectYear.click();\r\n        await this.selectYearFromList.click();\r\n    }\r\n\r\n    async selectInvalidDateOfBirth()\r\n    {\r\n        await this.selectDate.click();\r\n        await this.selectDateFromList.click();\r\n        await this.selectMonth.click();\r\n        await this.selectMonthFromList.click();\r\n        await this.selectYear.click();\r\n        await this.selectInvalidYearFromList.click();\r\n    }\r\n\r\nasync selectMartialStatusofApplicant()\r\n    {\r\n        await this.selectMartialStatus.click();\r\n        await this.selectMartialStatusFromList.click();\r\n    }\r\n\r\nasync NoOfFinancialDependents()\r\n    {\r\n        await this.selectFinancialDependents.click();\r\n        await this.selectDep
[...]
"end":{"line":54,"column":3}},"loc":{"start":{"line":54,"column":42},"end":{"line":57,"column":3}},"line":54},"5":{"name":"(anonymous_5)","decl":{"start":{"line":58,"column":2},"end":{"line":58,"column":3}},"loc":{"start":{"line":58,"column":36},"end":{"line":60,"column":3}},"line":58},"6":{"name":"(anonymous_6)","decl":{"start":{"line":61,"column":2},"end":{"line":61,"column":3}},"loc":{"start":{"line":61,"column":42},"end":{"line":63,"column":3}},"line":61},"7":{"name":"(anonymous_7)","decl":{"start":{"line":64,"column":2},"end":{"line":64,"column":3}},"loc":{"start":{"line":64,"column":40},"end":{"line":67,"column":3}},"line":64},"8":{"name":"(anonymous_8)","decl":{"start":{"line":68,"column":2},"end":{"line":68,"column":3}},"loc":{"start":{"line":68,"column":37},"end":{"line":71,"column":3}},"line":68},"9":{"name":"(anonymous_9)","decl":{"start":{"line":72,"column":2},"end":{"line":72,"column":3}},"loc":{"start":{"line":72,"column":35},"end":{"line":75,"column":3}},"line":72},"10":{"name":"(anonymous_10)","decl":{"start":{"line":76,"column":2},"end":{"line":76,"column":3}},"loc":{"start":{"line":76,"column":32},"end":{"line":79,"column":3}},"line":76},"11":{"name":"(anonymous_11)","decl":{"start":{"line":80,"column":2},"end":{"line":80,"column":3}},"loc":{"start":{"line":80,"column":41},"end":{"line":83,"column":3}},"line":80},"12":{"name":"(anonymous_12)","decl":{"start":{"line":84,"column":2},"end":{"line":84,"column":3}},"loc":{"start":{"line":84,"column":43},"end":{"line":95,"column":3}},"line":84}},"branchMap":{"0":{"loc":{"start":{"line":8,"column":49},"end":{"line":8,"column":96}},"type":"if","locations":[{"start":{"line":8,"column":49},"end":{"line":8,"column":96}},{"start":{"line":8,"column":49},"end":{"line":8,"column":96}}],"line":8},"1":{"loc":{"start":{"line":8,"column":241},"end":{"line":8,"column":291}},"type":"cond-expr","locations":[{"start":{"line":8,"column":255},"end":{"line":8,"column":271}},{"start":{"line":8,"column":274},"end":{"line":8,"column":291}}],"line":8},"2":{"loc":{"start":{"line":9,"column":53},"end":{"line":9,"column":111}},"type":"if","locations":[{"start":{"line":9,"column":53},"end":{"line":9,"column":111}},{"start":{"line":9,"column":53},"end":{"line":9,"column":111}}],"line":9},"3":{"loc":{"start":{"line":9,"column":57},"end":{"line":9,"column":94}},"type":"binary-expr","locations":[{"start":{"line":9,"column":57},"end":{"line":9,"column":69}},{"start":{"line":9,"column":73},"end":{"line":9,"column":76}},{"start":{"line":9,"column":80},"end":{"line":9,"column":94}}],"line":9},"4":{"loc":{"start":{"line":9,"column":112},"end":{"line":9,"column":214}},"type":"if","locations":[{"start":{"line":9,"column":112},"end":{"line":9,"column":214}},{"start":{"line":9,"column":112},"end":{"line":9,"column":214}}],"line":9},"5":{"loc":{"start":{"line":9,"column":116},"end":{"line":9,"column":184}},"type":"binary-expr","locations":[{"start":{"line":9,"column":116},"end":{"line":9,"column":128}},{"start":{"line":9,"column":132},"end":{"line":9,"column":155}},{"start":{"line":9,"column":159},"end":{"line":9,"column":184}}],"line":9},"6":{"loc":{"start":{"line":9,"column":266},"end":{"line":9,"column":321}},"type":"if","locations":[{"start":{"line":9,"column":266},"end":{"line":9,"column":321}},{"start":{"line":9,"column":266},"end":{"line":9,"column":321}}],"line":9},"7":{"loc":{"start":{"line":9,"column":270},"end":{"line":9,"column":293}},"type":"binary-expr","locations":[{"start":{"line":9,"column":270},"end":{"line":9,"column":275}},{"start":{"line":9,"column":279},"end":{"line":9,"column":293}}],"line":9},"8":{"loc":{"start":{"line":9,"column":367},"end":{"line":9,"column":423}},"type":"binary-expr","locations":[{"start":{"line":9,"column":367},"end":{"line":9,"column":388}},{"start":{"line":9,"column":392},"end":{"line":9,"column":423}}],"line":9},"9":{"loc":{"start":{"line":9,"column":448},"end":{"line":9,"column":724}},"type":"if","locations":[{"start":{"line":9,"column":448},"end":{"line":9,"column":724}},{"start":{"line":9,"column":448},"end":{"line":9,"column":724}}],"line":9},"10":{"loc":{"start":{"line":9,"column":452},"end":{"line":9,"column":519}},"type":"binary-expr","locations":[{"start":{"line":9,"column":452},"end":{"line":9,"column":469}},{"start":{"line":9,"column":473},"end":{"line":9,"column":519}}],"line":9},"11":{"loc":{"start":{"line":9,"column":534},"end":{"line":9,"column":606}},"type":"cond-expr","locations":[{"start":{"line":9,"column":558},"end":{"line":9,"column":599}},{"start":{"line":9,"column":602},"end":{"line":9,"column":606}}],"line":9},"12":{"loc":{"start":{"line":9,"column":608},"end":{"line":9,"column":722}},"type":"if","locations":[{"start":{"line":9,"column":608},"end":{"line":9,"column":722}},{"start":{"line":9,"column":608},"end":{"line":9,"column":722}}],"line":9},"13":{"loc":{"start":{"line":9,"column":612},"end":{"line":9,"column":642}},"type":"binary-expr","locations":[{"start":{"line":9,"column":612},"end":{"line":9,"column":616}},{"start":{"line":9,"column":621},"end":{"line":9,"column":629}},{"start":{"line":9,"column":633},"end":{"line":9,"column":641}}],"line":9},"14":{"loc":{"start":{"line":9,"column":749},"end":{"line":9,"column":787}},"type":"if","locations":[{"start":{"line":9,"column":749},"end":{"line":9,"column":787}},{"start":{"line":9,"column":749},"end":{"line":9,"column":787}}],"line":9}},"s":{"0":1,"1":1,"2":1,"3":1,"4":0,"5":1,"6":1,"7":1,"8":1,"9":1,"10":0,"11":1,"12":0,"13":1,"14":1,"15":0,"16":1,"17":1,"18":1,"19":6,"20":6,"21":6,"22":0,"23":6,"24":1,"25":1,"26":1,"27":1,"28":0,"29":0,"30":0,"31":0,"32":0,"33":0,"34":0,"35":0,"36":0,"37":0,"38":0,"39":0,"40":0,"41":0,"42":0,"43":0,"44":0,"45":0,"46":0,"47":0,"48":0,"49":0,"50":0,"51":0,"52":0,"53":0,"54":0,"55":0,"56":0,"57":0,"58":0,"59":0,"60":0,"61":0,"62":0,"63":0,"64":0,"65":0,"66":0,"67":0,"68":0,"69":0,"70":0,"71":0,"72":0,"73":0,"74":0,"75":0,"76":0,"77":0,"78":0,"79":0,"80":0,"81":0,"82":0,"83":0,"84":0,"85":0,"86":0,"87":0,"88":0,"89":0,"90":0,"91":0,"92":0,"93":1},"f":{"0":1,"1":1,"2":1,"3":0,"4":0,"5":0,"6":0,"7":0,"8":0,"9":0,"10":0,"11":0,"12":0},"b":{"0":[0,1],"1":[0,1],"2":[0,1],"3":[1,1,1],"4":[0,1],"5":[1,1,0],"6":[0,1],"7":[1,1],"8":[1,1],"9":[6,0],"10":[6,6],"11":[6,0],"12":[0,6],"13":[6,6,6],"14":[1,0]},"inputSourceMap":{"version":3,"names":["data","_interopRequireWildcard","require","_getRequireWildcardCache","nodeInterop","WeakMap","cacheBabelInterop","cacheNodeInterop","obj","__esModule","default","cache","has","get","newObj","hasPropertyDescriptor","Object","defineProperty","getOwnPropertyDescriptor","key","prototype","hasOwnProperty","call","desc","set","PropertyDetails","constructor","page","errMsgWhenLoanisGreaterthanProperty","loanErrorMsg","purchasePriceErrorMsg","buyingaFlat","notBuyingAFlat","flatMeetsCriteria","flatDoesNotMeetCriteria","purchaseThroughScheme","purchaseNotThroughScheme","errorMsgFlatDoesntNotMeetCrtieria","helpToBuy","errorMsgPropertyScheme","selectSourceOfDeposit","selectGiftFromSourceOfDeposit","errorMsgWhenGiftSelected","selectBuilderFromSourceOfDeposit","propertyNotNewBuild","propertyWishToBuyNotFound","DontOwnAnyProperties","continueButton","locator","selectPropertyTypeConvertedFlat","click","enterLoanAmount","loanAmount","type","enterPurchasePrice","purchasePrice","selectHelpToBuyPurchaseScheme","selectShareOwnershipScheme","selectSharedEquityScheme","selectGiftFromDeposit","selectBuilderFromSourceDeposit","completeapplicantPropertyDetails","validPropertyData","validPurchasePrice","exports"],"sources":["propertyDetails.ts"],"sourcesContent":["import {Page, expect, Locator} from \"@playwright/test\";\r\nimport * as data from \"../Test-Data/singleAppEligibilityCheck.json\";\r\n\r\nexport default class PropertyDetails{\r\n    readonly page: Page;\r\n    readonly errMsgWhenLoanisGreaterthanProperty: Locator;\r\n    readonly loanErrorMsg: Locator;\r\n    readonly purchasePriceErrorMsg: Locator;\r\n    readonly buyingaFlat: Locator;\r\n    readonly notBuyingAFlat: Locator;\r\n    readonly flatMeetsCriteria: Locator;\r\n    readonly flatDoesNotMeetCriteria: Locator;\r\n    readonly purchaseThroughScheme: Locator;\r\n    readonly purchaseNotThroughScheme: Locator;\r\n    readonly errorMsgFlatDoesntNotMeetCrtieria: Locator;\r\n    readonly helpToBuy: Locator;\r\n    readonly errorMsgPropertyScheme: Locator;\r\n    readonly selectSourceOfDeposit: Locator;\r\n    readonly selectGiftFromSourceOfDeposit: Locator;\r\n    readonly errorMsgWhenGiftSelected: Locator;\r\n    readonly selectBuilderFromSourceOfDeposit: Locator;\r\n    readonly propertyNotNewBuild: Locator;\r\n    readonly propertyWishToBuyNotFound: Locator;\r\n    readonly DontOwnAnyProperties: Locator;\r\n    readonly continueButton: Locator;\r\n\r\nconstructor(page: Page) {\r\n    this.page = page;\r\n    this.errMsgWhenLoanisGreaterthanProperty = page.locator(\"//span[contains(text(),'Loan amount must be less than property value.')]\");\r\n    this.loanErrorMsg = page.locator(\"#propertyDetails_loanAmount-error\");\r\n    this.purchasePriceErrorMsg = page.locator(\"#propertyDetails_propertyValue-error\");\r\n    this.buyingaFlat = page.locator(\"//label[@for='buyingAFlat_true']\");\r\n    this.notBuyingAFlat = page.locator(\"label[for='buyingAFlat_false']\");\r\n    this.flatMeetsCriteria = page.locator(\"label[for='flatCriteriaMet_true']\");\r\n    this.flatDoesNotMeetCriteria = page.locator(\"label[for='flatCriteriaMet_false']\");\r\n    this.purchaseThroughScheme = page.locator(\"label[for='purchaseScheme_true']\");\r\n    this.purchaseNotThroughScheme = page.locator(\"label[for='purchaseScheme_false']\");\r\n    this.errorMsgFlatDoesntNotMeetCrtieria = page.locator(\"#propertyDetails.flatCriteriaMet-error\");\r\n    this.selectSourceOfDeposit = page.locator(\"#propertyDetails_sourceOfDeposit-button\");\r\n    this.selectGiftFromSourceOfDeposit = page.locator(\"#ui-id-10\");\r\n    this.selectBuilderFromSourceOfDeposit = page.locator(\"//li[normalize-space()='Builder/Seller']\");\r\n    this.errorMsgWhenGiftSelected = page.locator(\"//p[contains(text(),'When you make a full mortgage application you will')]\");\r\n    this.errorMsgPropertyScheme = page.locator(\"#propertyDetails_purchaseSchemeType-error\");\r\n    this.propertyNotNewBuild = page.locator(\"label[for='newBuildProperty_false']\");\r\n    this.propertyWishToBuyNotFound = page.locator(\"label[for='propertyFound_false']\");\r\n    this.DontOwnAnyProperties = page.locator(\"label[for='additionalPropertiesOwned_false']\");\r\n    this.continueButton = page.locator(\"button[type='submit']\");\r\n}\r\n\r\nasync selectPropertyTypeConvertedFlat(){\r\n    await this.page.click(\"#propertyDetails_PropertyType-button\");\r\n    await this.page.click(\"#ui-id-7\");\r\n}\r\n\r\nasync enterLoanAmount(loanAmount: string) {\r\n    await this.page.locator(\"#propertyDetails_loanAmount\")\r\n        .type(loanAmount);\r\n}\r\n\r\nasync enterPurchasePrice(purchasePrice: string) {\r\n    await this.page.locator(\"#propertyDetails_propertyValue\")\r\n        .type(purchasePrice);\r\n}\r\n\r\nasync selectHelpToBuyPurchaseScheme() {\r\n    await this.page.click(\"#propertyDetails_purchaseSchemeType-button\");\r\n    await this.page.click(\"//li[normalize-space()='Help to Buy']\");\r\n}\r\n\r\nasync selectShareOwnershipScheme() {\r\n    await this.page.click(\"#propertyDetails_purchaseSchemeType-button\");\r\n    await this.page.click(\"//li[normalize-space()='Shared Ownership']\");\r\n}\r\n\r\nasync selectSharedEquityScheme() {\r\n    await this.page.click(\"#propertyDetails_purchaseSchemeType-button\");\r\n    await this.page.click(\"//li[normalize-space()='Shared Equity']\");\r\n}\r\n\r\nasync selectGiftFromDeposit() {\r\n    await this.selectSourceOfDeposit.click();\r\n    await this.selectGiftFromSourceOfDeposit.click();\r\n}\r\n\r\nasync selectBuilderFromSourceDeposit() {\r\n    await this.selectSourceOfDeposit.click();\r\n    await this.selectBuilderFromSourceOfDeposit.click();\r\n}\r\n\r\nasync completeapplicantPropertyDetails() {\r\n    await this.selectPropertyTypeConvertedFlat();\r\n    await this.enterLoanAmount(data.validPropertyData.loanAmount);\r\n    await this.enterPurchasePrice(data.validPropertyData.validPurchasePrice);\r\n    await this.selectBuilderFromSourceDeposit();\r\n    await this.notBuyingAFlat.click();\r\n    await this.purchaseNotThroughScheme.click();\r\n    await this.propertyNotNewBuild.click();\r\n    await this.propertyWishToBuyNotFound.click();\r\n    await this.DontOwnAnyProperties.click();\r\n    await this.continueButton.click();\r\n}\r\n\r\n}"],"mappings":";;;;;;AACA,IAAAA,IAAA,GAAAC,uBAAA,CAAAC,OAAA;AAAoE,SAAAC,yBAAAC,WAAA,eAAAC,OAAA,kCAAAC,iBAAA,OAAAD,OAAA,QAAAE,gBAAA,OAAAF,OAAA,YAAAF,wBAAA,YAAAA,CAAAC,WAAA,WAAAA,WAAA,GAAAG,gBAAA,GAAAD,iBAAA,KAAAF,WAAA;AAAA,SAAAH,wBAAAO,GAAA,EAAAJ,WAAA,SAAAA,WAAA,IAAAI,GAAA,IAAAA,GAAA,CAAAC,UAAA,WAAAD,GAAA,QAAAA,GAAA,oBAAAA,GAAA,wBAAAA,GAAA,4BAAAE,OAAA,EAAAF,GAAA,UAAAG,KAAA,GAAAR,wBAAA,CAAAC,WAAA,OAAAO,KAAA,IAAAA,KAAA,CAAAC,GAAA,CAAAJ,GAAA,YAAAG,KAAA,CAAAE,GAAA,CAAAL,GAAA,SAAAM,MAAA,WAAAC,qBAAA,GAAAC,MAAA,CAAAC,cAAA,IAAAD,MAAA,CAAAE,wBAAA,WAAAC,GAAA,IAAAX,GAAA,QAAAW,GAAA,kBAAAH,MAAA,CAAAI,SAAA,CAAAC,cAAA,CAAAC,IAAA,CAAAd,GAAA,EAAAW,GAAA,SAAAI,IAAA,GAAAR,qBAAA,GAAAC,MAAA,CAAAE,wBAAA,CAAAV,GAAA,EAAAW,GAAA,cAAAI,IAAA,KAAAA,IAAA,CAAAV,GAAA,IAAAU,IAAA,CAAAC,GAAA,KAAAR,MAAA,CAAAC,cAAA,CAAAH,MAAA,EAAAK,GAAA,EAAAI,IAAA,YAAAT,MAAA,CAAAK,GAAA,IAAAX,GAAA,CAAAW,GAAA,SAAAL,MAAA,CAAAJ,OAAA,GAAAF,GAAA,MAAAG,KAAA,IAAAA,KAAA,CAAAa,GAAA,CAAAhB,GAAA,EAAAM,MAAA,YAAAA,MAAA;AAErD,MAAMW,eAAe;EAuBpCC,WAAWA,CAACC,IAAU,EAAE;IAAA,KAtBXA,IAAI;IAAA,KACJC,mCAAmC;IAAA,KACnCC,YAAY;IAAA,KACZC,qBAAqB;IAAA,KACrBC,WAAW;IAAA,KACXC,cAAc;IAAA,KACdC,iBAAiB;IAAA,KACjBC,uBAAuB;IAAA,KACvBC,qBAAqB;IAAA,KACrBC,wBAAwB;IAAA,KACxBC,iCAAiC;IAAA,KACjCC,SAAS;IAAA,KACTC,sBAAsB;IAAA,KACtBC,qBAAqB;IAAA,KACrBC,6BAA6B;IAAA,KAC7BC,wBAAwB;IAAA,KACxBC,gCAAgC;IAAA,KAChCC,mBAAmB;IAAA,KACnBC,yBAAyB;IAAA,KACzBC,oBAAoB;IAAA,KACpBC,cAAc;IAGvB,IAAI,CAACpB,IAAI,GAAGA,IAAI;IAChB,IAAI,CAACC,mCAAmC,GAAGD,IAAI,CAACqB,OAAO,CAAC,0EAA0E,CAAC;IACnI,IAAI,CAACnB,YAAY,GAAGF,IAAI,CAACqB,OAAO,CAAC,mCAAmC,CAAC;IACrE,IAAI,CAAClB,qBAAqB,GAAGH,IAAI,CAACqB,OAAO,CAAC,sCAAsC,CAAC;IACjF,IAAI,CAACjB,WAAW,GAAGJ,IAAI,CAACqB,OAAO,CAAC,kCAAkC,CAAC;IACnE,IAAI,CAAChB,cAAc,GAAGL,IAAI,CAACqB,OAAO,CAAC,gCAAgC,CAAC;IACpE,IAAI,CAACf,iBAAiB,GAAGN,IAAI,CAACqB,OAAO,CAAC,mCAAmC,CAAC;IAC1E,IAAI,CAACd,uBAAuB,GAAGP,IAAI,CAACqB,OAAO,CAAC,oCAAoC,CAAC;IACjF,IAAI,CAACb,qBAAqB,GAAGR,IAAI,CAACqB,OAAO,CAAC,kCAAkC,CAAC;IAC7E,IAAI,CAACZ,wBAAwB,GAAGT,IAAI,CAACqB,OAAO,CAAC,mCAAmC,CAAC;IACjF,IAAI,CAACX,iCAAiC,GAAGV,IAAI,CAACqB,OAAO,CAAC,wCAAwC,CAAC;IAC/F,IAAI,CAACR,qBAAqB,GAAGb,IAAI,CAACqB,OAAO,CAAC,yCAAyC,CAAC;IACpF,IAAI,CAACP,6BAA6B,GAAGd,IAAI,CAACqB,OAAO,CAAC,WAAW,CAAC;IAC9D,IAAI,CAACL,gCAAgC,GAAGhB,IAAI,CAACqB,OAAO,CAAC,0CAA0C,CAAC;IAChG,IAAI,CAACN,wBAAwB,GAAGf,IAAI,CAACqB,OAAO,CAAC,4EAA4E,CAAC;IAC1H,IAAI,CAACT,sBAAsB,GAAGZ,IAAI,CAACqB,OAAO,CAAC,2CAA2C,CAAC;IACvF,IAAI,CAACJ,mBAAmB,GAAGjB,IAAI,CAACqB,OAAO,CAAC,qCAAqC,CAAC;IAC9E,IAAI,CAACH,yBAAyB,GAAGlB,IAAI,CAACqB,OAAO,CAAC,kCAAkC,CAAC;IACjF,IAAI,CAACF,oBAAoB,GAAGnB,IAAI,CAACqB,OAAO,CAAC,8CAA8C,CAAC;IACxF,IAAI,CAACD,cAAc,GAAGpB,IAAI,CAACqB,OAAO,CAAC,uBAAuB,CAAC;EAC/D;EAEA,MAAMC,+BAA+BA,CAAA,EAAE;IACnC,MAAM,IAAI,CAACtB,IAAI,CAACuB,KAAK,CAAC,sCAAsC,CAAC;IAC7D,MAAM,IAAI,CAACvB,IAAI,CAACuB,KAAK,CAAC,UAAU,CAAC;EACrC;EAEA,MAAMC,eAAeA,CAACC,UAAkB,EAAE;IACtC,MAAM,IAAI,CAACzB,IAAI,CAACqB,OAAO,CAAC,6BAA6B,CAAC,CACjDK,IAAI,CAACD,UAAU,CAAC;EACzB;EAEA,MAAME,kBAAkBA,CAACC,aAAqB,EAAE;IAC5C,MAAM,IAAI,CAAC5B,IAAI,CAACqB,OAAO,CAAC,gCAAgC,CAAC,CACpDK,IAAI,CAACE,aAAa,CAAC;EAC5B;EAEA,MAAMC,6BAA6BA,CAAA,EAAG;IAClC,MAAM,IAAI,CAAC7B,IAAI,CAACuB,KAAK,CAAC,4CAA4C,CAAC;IACnE,MAAM,IAAI,CAACvB,IAAI,CAACuB,KAAK,CAAC,uCAAuC,CAAC;EAClE;EAEA,MAAMO,0BAA0BA,CAAA,EAAG;IAC/B,MAAM,IAAI,CAAC9B,IAAI,CAACuB,KAAK,CAAC,4CAA4C,CAAC;IACnE,MAAM,IAAI,CAACvB,IAAI,CAACuB,KAAK,CAAC,4CAA4C,CAAC;EACvE;EAEA,MAAMQ,wBAAwBA,CAAA,EAAG;IAC7B,MAAM,IAAI,CAAC/B,IAAI,CAACuB,KAAK,CAAC,4CAA4C,CAAC;IACnE,MAAM,IAAI,CAACvB,IAAI,CAACuB,KAAK,CAAC,yCAAyC,CAAC;EACpE;EAEA,MAAMS,qBAAqBA,CAAA,EAAG;IAC1B,MAAM,IAAI,CAACnB,qBAAqB,CAACU,KAAK,CAAC,CAAC;IACxC,MAAM,IAAI,CAACT,6BAA6B,CAACS,KAAK,CAAC,CAAC;EACpD;EAEA,MAAMU,8BAA8BA,CAAA,EAAG;IACnC,MAAM,IAAI,CAACpB,qBAAqB,CAACU,KAAK,CAAC,CAAC;IACxC,MAAM,IAAI,CAACP,gCAAgC,CAACO,KAAK,CAAC,CAAC;EACvD;EAEA,MAAMW,gCAAgCA,CAAA,EAAG;IACrC,MAAM,IAAI,CAACZ,+BAA+B,CAAC,CAAC;IAC5C,MAAM,IAAI,CAACE,eAAe,CAACnD,IAAI,CAAC8D,iBAAiB,CAACV,UAAU,CAAC;IAC7D,MAAM,IAAI,CAACE,kBAAkB,CAACtD,IAAI,CAAC8D,iBAAiB,CAACC,kBAAkB,CAAC;IACxE,MAAM,IAAI,CAACH,8BAA8B,CAAC,CAAC;IAC3C,MAAM,IAAI,CAAC5B,cAAc,CAACkB,KAAK,CAAC,CAAC;IACjC,MAAM,IAAI,CAACd,wBAAwB,CAACc,KAAK,CAAC,CAAC;IAC3C,MAAM,IAAI,CAACN,mBAAmB,CAACM,KAAK,CAAC,CAAC;IACtC,MAAM,IAAI,CAACL,yBAAyB,CAACK,KAAK,CAAC,CAAC;IAC5C,MAAM,IAAI,CAACJ,oBAAoB,CAACI,KAAK,CAAC,CAAC;IACvC,MAAM,IAAI,CAACH,cAAc,CAACG,KAAK,CAAC,CAAC;EACrC;AAEA;AAACc,OAAA,CAAAtD,OAAA,GAAAe,eAAA"},"_coverageSchema":"1a1c01bbd47fc00a2c39e90264f33305004495a9","hash":"78226179dac23e5ea29a6e80445aac4406d63f53","contentHash":"f0dae81a8261660f0772f2e0a3b8d74ec35a1e9da1d4a841eea8b793ad106dbd"},"C:\\Users\\C87118B\\OneDrive - EXPERIAN SERVICES CORP\\Documents\\Automation\\TSB\\pageobjects\\incomeDetails.ts":{"path":"C:\\Users\\C87118B\\OneDrive - EXPERIAN SERVICES CORP\\Documents\\Automation\\TSB\\pageobjects\\incomeDetails.ts","statementMap":{"0":{"start":{"line":3,"column":0},"end":{"line":5,"column":3}},"1":{"start":{"line":6,"column":0},"end":{"line":6,"column":25}},"2":{"start":{"line":9,"column":4},"end":{"line":9,"column":23}},"3":{"start":{"line":10,"column":4},"end":{"line":10,"column":33}},"4":{"start":{"line":11,"column":4},"end":{"line":11,"column":35}},"5":{"start":{"line":12,"column":4},"end":{"line":12,"column":44}},"6":{"start":{"line":13,"column":4},"end":{"line":13,"column":21}},"7":{"start":{"line":14,"column":4},"end":{"line":14,"column":64}},"8":{"start":{"line":15,"column":4},"end":{"line":15,"column":93}},"9":{"start":{"line":16,"column":4},"end":{"line":16,"column":131}},"10":{"start":{"line":19,"column":0},"end":{"line":19,"column":32}}},"fnMap":{"0":{"name":"(anonymous_0)","decl":{"start":{"line":8,"column":2},"end":{"line":8,"column":3}},"loc":{"start":{"line":8,"column":20},"end":{"line":17,"column":3}},"line":8}},"branchMap":{},"s":{"0":1,"1":1,"2":0,"3":0,"4":0,"5":0,"6":0,"7":0,"8":0,"9":0,"10":1},"f":{"0":0},"b":{},"inputSourceMap":{"version":3,"names":["IncomeDetails","constructor","page","continueButton","noOfJobsgrtThan3","ErrMsgFornoOfJobsgrtThan3","locator","exports","default"],"sources":["incomeDetails.ts"],"sourcesContent":["import {Page, expect, Locator} from \"@playwright/test\";\r\nimport * as data from \"../Test-Data/singleAppEligibilityCheck.json\";\r\n\r\nexport default class IncomeDetails{\r\n    readonly page: Page;\r\n    readonly continueButton: Locator;\r\n    readonly noOfJobsgrtThan3: Locator;\r\n    readonly ErrMsgFornoOfJobsgrtThan3: Locator;\r\n\r\n    constructor(page: Page) {\r\n        this.page = page;\r\n        this.continueButton = page.locator(\"button[type='submit']\");\r\n        this.noOfJobsgrtThan3 = page.locator(\"label[for='numberOfJobsClassedAsMainIncome_0_3']\");\r\n        this.ErrMsgFornoOfJobsgrtThan3 = page.locator(\"//span[contains(text(),'We will need to discuss this in more detail with y')]\");\r\n    }\r\n}\r\n"],"mappings":";;;;;;AAGe,MAAMA,aAAa;EAM9BC,WAAWA,CAACC,IAAU,EAAE;IAAA,KALfA,IAAI;IAAA,KACJC,cAAc;IAAA,KACdC,gBAAgB;IAAA,KAChBC,yBAAyB;IAG9B,IAAI,CAACH,IAAI,GAAGA,IAAI;IAChB,IAAI,CAACC,cAAc,GAAGD,IAAI,CAACI,OAAO,CAAC,uBAAuB,CAAC;IAC3D,IAAI,CAACF,gBAAgB,GAAGF,IAAI,CAACI,OAAO,CAAC,kDAAkD,CAAC;IACxF,IAAI,CAACD,yBAAyB,GAAGH,IAAI,CAACI,OAAO,CAAC,+EAA+E,CAAC;EAClI;AACJ;AAACC,OAAA,CAAAC,OAAA,GAAAR,aAAA"},"_coverageSchema":"1a1c01bbd47fc00a2c39e90264f33305004495a9","hash":"eb6aaa7ac4f08943f1f82381b918145af3c00fe7","contentHash":"00c8f7f46d14edf7b3775272a34a94af8a91148c160278c368f9aa04be0d7690"}}